<?xml version='1.0' encoding='utf-8'?>
<!DOCTYPE coverage SYSTEM 'http://cobertura.sourceforge.net/xml/coverage-04.dtd'>
<coverage line-rate="0.6486389684813754" branch-rate="0.4151884700665188" lines-covered="1811" lines-valid="2792" branches-covered="749" branches-valid="1804" complexity="0.0" timestamp="1780028889" version="gcovr 8.6"><sources><source>/__w/weather-station</source></sources><packages><package name="weather-station.lib.clock_display.src" line-rate="1.0" branch-rate="1.0" complexity="0.0"><classes><class name="clock_display_c" filename="weather-station/lib/clock_display/src/clock_display.c" line-rate="1.0" branch-rate="1.0" complexity="0.0"><methods><method name="clock_tick" signature="" line-rate="1.0" branch-rate="1.0" complexity="0.0"><lines><line number="20" hits="68" branch="false"/><line number="24" hits="68" branch="false"/><line number="25" hits="68" branch="false"/><line number="26" hits="68" branch="false"/><line number="27" hits="68" branch="false"/><line number="29" hits="68" branch="false"/><line number="31" hits="68" branch="false"/><line number="32" hits="68" branch="false"/></lines></method><method name="clock_display_init" signature="" line-rate="1.0" branch-rate="1.0" complexity="0.0"><lines><line number="34" hits="68" branch="false"/><line number="36" hits="68" branch="false"/><line number="38" hits="68" branch="false"/><line number="39" hits="68" branch="false"/></lines></method></methods><lines><line number="20" hits="68" branch="false"/><line number="24" hits="68" branch="false"/><line number="25" hits="68" branch="false"/><line number="26" hits="68" branch="false"/><line number="27" hits="68" branch="false"/><line number="29" hits="68" branch="false"/><line number="31" hits="68" branch="false"/><line number="32" hits="68" branch="false"/><line number="34" hits="68" branch="false"/><line number="36" hits="68" branch="false"/><line number="38" hits="68" branch="false"/><line number="39" hits="68" branch="false"/></lines></class></classes></package><package name="weather-station.lib.fake_remote_sensor.src" line-rate="0.7315436241610739" branch-rate="0.5588235294117647" complexity="0.0"><classes><class name="fake_remote_sensor_c" filename="weather-station/lib/fake_remote_sensor/src/fake_remote_sensor.c" line-rate="0.7841726618705036" branch-rate="0.5757575757575758" complexity="0.0"><methods><method name="publish_node" signature="" line-rate="0.7894736842105263" branch-rate="0.5" complexity="0.0"><lines><line number="58" hits="16" branch="false"/><line number="61" hits="16" branch="false"/><line number="62" hits="16" branch="false"/><line number="64" hits="16" branch="true" condition-coverage="50% (1/2)"><conditions><condition number="0" type="jump" coverage="50%"/></conditions></line><line number="65" hits="0" branch="false"/><line number="69" hits="16" branch="false"/><line number="70" hits="16" branch="false"/><line number="72" hits="16" branch="true" condition-coverage="50% (1/2)"><conditions><condition number="0" type="jump" coverage="50%"/></conditions></line><line number="73" hits="0" branch="false"/><line number="77" hits="16" branch="false"/><line number="78" hits="16" branch="false"/><line number="79" hits="16" branch="true" condition-coverage="50% (1/2)"><conditions><condition number="0" type="jump" coverage="50%"/></conditions></line><line number="80" hits="0" branch="false"/><line number="84" hits="16" branch="false"/><line number="85" hits="16" branch="false"/><line number="86" hits="16" branch="true" condition-coverage="50% (1/2)"><conditions><condition number="0" type="jump" coverage="50%"/></conditions></line><line number="87" hits="0" branch="false"/><line number="90" hits="16" branch="false"/><line number="92" hits="16" branch="false"/></lines></method><method name="auto_timer_cb" signature="" line-rate="1.0" branch-rate="0.5" complexity="0.0"><lines><line number="94" hits="1" branch="false"/><line number="96" hits="1" branch="false"/><line number="98" hits="1" branch="true" condition-coverage="50% (1/2)"><conditions><condition number="0" type="jump" coverage="50%"/></conditions></line><line number="99" hits="1" branch="false"/><line number="101" hits="1" branch="false"/></lines></method><method name="announce_node" signature="" line-rate="0.8" branch-rate="0.5" complexity="0.0"><lines><line number="107" hits="73" branch="false"/><line number="109" hits="73" branch="false"/><line number="114" hits="73" branch="false"/><line number="117" hits="73" branch="false"/><line number="118" hits="73" branch="false"/><line number="119" hits="73" branch="false"/><line number="120" hits="73" branch="false"/><line number="122" hits="73" branch="false"/><line number="124" hits="73" branch="true" condition-coverage="50% (1/2)"><conditions><condition number="0" type="jump" coverage="50%"/></conditions></line><line number="125" hits="0" branch="false"/><line number="126" hits="0" branch="false"/><line number="130" hits="73" branch="false"/><line number="133" hits="69" branch="false"/><line number="134" hits="69" branch="false"/><line number="135" hits="69" branch="false"/><line number="136" hits="69" branch="false"/><line number="138" hits="69" branch="false"/><line number="139" hits="69" branch="true" condition-coverage="50% (1/2)"><conditions><condition number="0" type="jump" coverage="50%"/></conditions></line><line number="140" hits="0" branch="false"/><line number="141" hits="0" branch="false"/><line number="144" hits="69" branch="false"/><line number="147" hits="69" branch="false"/><line number="148" hits="69" branch="false"/><line number="149" hits="69" branch="false"/><line number="150" hits="69" branch="false"/><line number="152" hits="69" branch="false"/><line number="153" hits="69" branch="true" condition-coverage="50% (1/2)"><conditions><condition number="0" type="jump" coverage="50%"/></conditions></line><line number="154" hits="0" branch="false"/><line number="155" hits="0" branch="false"/><line number="158" hits="69" branch="false"/><line number="161" hits="69" branch="false"/><line number="162" hits="69" branch="false"/><line number="163" hits="69" branch="false"/><line number="164" hits="69" branch="false"/><line number="166" hits="69" branch="false"/><line number="167" hits="69" branch="true" condition-coverage="50% (1/2)"><conditions><condition number="0" type="jump" coverage="50%"/></conditions></line><line number="168" hits="0" branch="false"/><line number="169" hits="0" branch="false"/><line number="172" hits="69" branch="false"/><line number="175" hits="69" branch="false"/></lines></method><method name="fake_scan_start" signature="" line-rate="1.0" branch-rate="1.0" complexity="0.0"><lines><line number="182" hits="68" branch="false"/><line number="185" hits="68" branch="false"/><line number="186" hits="132" branch="true" condition-coverage="100% (2/2)"><conditions><condition number="0" type="jump" coverage="100%"/></conditions></line><line number="187" hits="68" branch="false"/><line number="189" hits="64" branch="false"/></lines></method><method name="fake_scan_stop" signature="" line-rate="0.0" branch-rate="1.0" complexity="0.0"><lines><line number="192" hits="0" branch="false"/><line number="195" hits="0" branch="false"/><line number="196" hits="0" branch="false"/></lines></method><method name="fake_peer_add" signature="" line-rate="0.8571428571428571" branch-rate="0.6875" complexity="0.0"><lines><line number="199" hits="68" branch="false"/><line number="207" hits="68" branch="true" condition-coverage="50% (2/4)"><conditions><condition number="0" type="jump" coverage="50%"/></conditions></line><line number="208" hits="68" branch="false"/><line number="210" hits="68" branch="true" condition-coverage="100% (6/6)"><conditions><condition number="0" type="jump" coverage="100%"/></conditions></line><line number="211" hits="65" branch="true" condition-coverage="33% (1/3)"><conditions><condition number="0" type="jump" coverage="33%"/></conditions></line><line number="212" hits="68" branch="true" condition-coverage="66% (2/3)"><conditions><condition number="0" type="jump" coverage="66%"/></conditions></line><line number="213" hits="65" branch="false"/><line number="214" hits="65" branch="false"/><line number="217" hits="64" branch="false"/><line number="218" hits="64" branch="false"/><line number="219" hits="64" branch="false"/><line number="222" hits="68" branch="false"/><line number="225" hits="0" branch="false"/><line number="226" hits="0" branch="false"/></lines></method><method name="fake_peer_remove" signature="" line-rate="0.0" branch-rate="0.0" complexity="0.0"><lines><line number="229" hits="0" branch="false"/><line number="233" hits="0" branch="true" condition-coverage="0% (0/2)"><conditions><condition number="0" type="jump" coverage="0%"/></conditions></line><line number="234" hits="0" branch="false"/><line number="236" hits="0" branch="true" condition-coverage="0% (0/6)"><conditions><condition number="0" type="jump" coverage="0%"/></conditions></line><line number="237" hits="0" branch="true" condition-coverage="0% (0/2)"><conditions><condition number="0" type="jump" coverage="0%"/></conditions></line><line number="238" hits="0" branch="false"/><line number="239" hits="0" branch="false"/><line number="240" hits="0" branch="false"/><line number="241" hits="0" branch="false"/><line number="244" hits="0" branch="false"/></lines></method><method name="fake_send_trigger" signature="" line-rate="0.875" branch-rate="0.8" complexity="0.0"><lines><line number="247" hits="13" branch="false"/><line number="251" hits="13" branch="true" condition-coverage="50% (1/2)"><conditions><condition number="0" type="jump" coverage="50%"/></conditions></line><line number="252" hits="13" branch="false"/><line number="254" hits="13" branch="true" condition-coverage="100% (6/6)"><conditions><condition number="0" type="jump" coverage="100%"/></conditions></line><line number="255" hits="10" branch="true" condition-coverage="50% (1/2)"><conditions><condition number="0" type="jump" coverage="50%"/></conditions></line><line number="256" hits="13" branch="false"/><line number="257" hits="13" branch="false"/><line number="260" hits="0" branch="false"/></lines></method><method name="fake_remote_sensor_announce" signature="" line-rate="0.8333333333333334" branch-rate="0.75" complexity="0.0"><lines><line number="279" hits="5" branch="false"/><line number="281" hits="10" branch="true" condition-coverage="100% (2/2)"><conditions><condition number="0" type="jump" coverage="100%"/></conditions></line><line number="282" hits="5" branch="false"/><line number="284" hits="5" branch="true" condition-coverage="50% (1/2)"><conditions><condition number="0" type="jump" coverage="50%"/></conditions></line><line number="285" hits="0" branch="false"/><line number="288" hits="5" branch="false"/></lines></method><method name="fake_remote_sensor_publish_all" signature="" line-rate="0.8571428571428571" branch-rate="0.75" complexity="0.0"><lines><line number="291" hits="2" branch="false"/><line number="293" hits="2" branch="false"/><line number="295" hits="4" branch="true" condition-coverage="100% (2/2)"><conditions><condition number="0" type="jump" coverage="100%"/></conditions></line><line number="296" hits="2" branch="true" condition-coverage="50% (1/2)"><conditions><condition number="0" type="jump" coverage="50%"/></conditions></line><line number="297" hits="0" branch="false"/><line number="299" hits="2" branch="false"/><line number="301" hits="2" branch="false"/></lines></method><method name="fake_remote_sensor_init" signature="" line-rate="1.0" branch-rate="1.0" complexity="0.0"><lines><line number="308" hits="69" branch="false"/><line number="310" hits="138" branch="true" condition-coverage="100% (2/2)"><conditions><condition number="0" type="jump" coverage="100%"/></conditions></line><line number="311" hits="69" branch="false"/><line number="313" hits="69" branch="false"/><line number="314" hits="69" branch="false"/><line number="315" hits="69" branch="false"/><line number="316" hits="69" branch="false"/><line number="317" hits="69" branch="false"/><line number="318" hits="69" branch="false"/><line number="319" hits="69" branch="false"/><line number="321" hits="69" branch="false"/><line number="322" hits="69" branch="false"/><line number="325" hits="69" branch="false"/><line number="326" hits="69" branch="false"/><line number="329" hits="138" branch="false"/><line number="330" hits="69" branch="false"/><line number="332" hits="138" branch="false"/><line number="333" hits="69" branch="false"/><line number="335" hits="69" branch="false"/><line number="336" hits="69" branch="false"/><line number="339" hits="69" branch="false"/><line number="340" hits="69" branch="false"/></lines></method></methods><lines><line number="58" hits="16" branch="false"/><line number="61" hits="16" branch="false"/><line number="62" hits="16" branch="false"/><line number="64" hits="16" branch="true" condition-coverage="50% (1/2)"><conditions><condition number="0" type="jump" coverage="50%"/></conditions></line><line number="65" hits="0" branch="false"/><line number="69" hits="16" branch="false"/><line number="70" hits="16" branch="false"/><line number="72" hits="16" branch="true" condition-coverage="50% (1/2)"><conditions><condition number="0" type="jump" coverage="50%"/></conditions></line><line number="73" hits="0" branch="false"/><line number="77" hits="16" branch="false"/><line number="78" hits="16" branch="false"/><line number="79" hits="16" branch="true" condition-coverage="50% (1/2)"><conditions><condition number="0" type="jump" coverage="50%"/></conditions></line><line number="80" hits="0" branch="false"/><line number="84" hits="16" branch="false"/><line number="85" hits="16" branch="false"/><line number="86" hits="16" branch="true" condition-coverage="50% (1/2)"><conditions><condition number="0" type="jump" coverage="50%"/></conditions></line><line number="87" hits="0" branch="false"/><line number="90" hits="16" branch="false"/><line number="92" hits="16" branch="false"/><line number="94" hits="1" branch="false"/><line number="96" hits="1" branch="false"/><line number="98" hits="1" branch="true" condition-coverage="50% (1/2)"><conditions><condition number="0" type="jump" coverage="50%"/></conditions></line><line number="99" hits="1" branch="false"/><line number="101" hits="1" branch="false"/><line number="107" hits="73" branch="false"/><line number="109" hits="73" branch="false"/><line number="114" hits="73" branch="false"/><line number="117" hits="73" branch="false"/><line number="118" hits="73" branch="false"/><line number="119" hits="73" branch="false"/><line number="120" hits="73" branch="false"/><line number="122" hits="73" branch="false"/><line number="124" hits="73" branch="true" condition-coverage="50% (1/2)"><conditions><condition number="0" type="jump" coverage="50%"/></conditions></line><line number="125" hits="0" branch="false"/><line number="126" hits="0" branch="false"/><line number="130" hits="73" branch="false"/><line number="133" hits="69" branch="false"/><line number="134" hits="69" branch="false"/><line number="135" hits="69" branch="false"/><line number="136" hits="69" branch="false"/><line number="138" hits="69" branch="false"/><line number="139" hits="69" branch="true" condition-coverage="50% (1/2)"><conditions><condition number="0" type="jump" coverage="50%"/></conditions></line><line number="140" hits="0" branch="false"/><line number="141" hits="0" branch="false"/><line number="144" hits="69" branch="false"/><line number="147" hits="69" branch="false"/><line number="148" hits="69" branch="false"/><line number="149" hits="69" branch="false"/><line number="150" hits="69" branch="false"/><line number="152" hits="69" branch="false"/><line number="153" hits="69" branch="true" condition-coverage="50% (1/2)"><conditions><condition number="0" type="jump" coverage="50%"/></conditions></line><line number="154" hits="0" branch="false"/><line number="155" hits="0" branch="false"/><line number="158" hits="69" branch="false"/><line number="161" hits="69" branch="false"/><line number="162" hits="69" branch="false"/><line number="163" hits="69" branch="false"/><line number="164" hits="69" branch="false"/><line number="166" hits="69" branch="false"/><line number="167" hits="69" branch="true" condition-coverage="50% (1/2)"><conditions><condition number="0" type="jump" coverage="50%"/></conditions></line><line number="168" hits="0" branch="false"/><line number="169" hits="0" branch="false"/><line number="172" hits="69" branch="false"/><line number="175" hits="69" branch="false"/><line number="182" hits="68" branch="false"/><line number="185" hits="68" branch="false"/><line number="186" hits="132" branch="true" condition-coverage="100% (2/2)"><conditions><condition number="0" type="jump" coverage="100%"/></conditions></line><line number="187" hits="68" branch="false"/><line number="189" hits="64" branch="false"/><line number="192" hits="0" branch="false"/><line number="195" hits="0" branch="false"/><line number="196" hits="0" branch="false"/><line number="199" hits="68" branch="false"/><line number="207" hits="68" branch="true" condition-coverage="50% (2/4)"><conditions><condition number="0" type="jump" coverage="50%"/></conditions></line><line number="208" hits="68" branch="false"/><line number="210" hits="68" branch="true" condition-coverage="100% (6/6)"><conditions><condition number="0" type="jump" coverage="100%"/></conditions></line><line number="211" hits="65" branch="true" condition-coverage="33% (1/3)"><conditions><condition number="0" type="jump" coverage="33%"/></conditions></line><line number="212" hits="68" branch="true" condition-coverage="66% (2/3)"><conditions><condition number="0" type="jump" coverage="66%"/></conditions></line><line number="213" hits="65" branch="false"/><line number="214" hits="65" branch="false"/><line number="217" hits="64" branch="false"/><line number="218" hits="64" branch="false"/><line number="219" hits="64" branch="false"/><line number="222" hits="68" branch="false"/><line number="225" hits="0" branch="false"/><line number="226" hits="0" branch="false"/><line number="229" hits="0" branch="false"/><line number="233" hits="0" branch="true" condition-coverage="0% (0/2)"><conditions><condition number="0" type="jump" coverage="0%"/></conditions></line><line number="234" hits="0" branch="false"/><line number="236" hits="0" branch="true" condition-coverage="0% (0/6)"><conditions><condition number="0" type="jump" coverage="0%"/></conditions></line><line number="237" hits="0" branch="true" condition-coverage="0% (0/2)"><conditions><condition number="0" type="jump" coverage="0%"/></conditions></line><line number="238" hits="0" branch="false"/><line number="239" hits="0" branch="false"/><line number="240" hits="0" branch="false"/><line number="241" hits="0" branch="false"/><line number="244" hits="0" branch="false"/><line number="247" hits="13" branch="false"/><line number="251" hits="13" branch="true" condition-coverage="50% (1/2)"><conditions><condition number="0" type="jump" coverage="50%"/></conditions></line><line number="252" hits="13" branch="false"/><line number="254" hits="13" branch="true" condition-coverage="100% (6/6)"><conditions><condition number="0" type="jump" coverage="100%"/></conditions></line><line number="255" hits="10" branch="true" condition-coverage="50% (1/2)"><conditions><condition number="0" type="jump" coverage="50%"/></conditions></line><line number="256" hits="13" branch="false"/><line number="257" hits="13" branch="false"/><line number="260" hits="0" branch="false"/><line number="279" hits="5" branch="false"/><line number="281" hits="10" branch="true" condition-coverage="100% (2/2)"><conditions><condition number="0" type="jump" coverage="100%"/></conditions></line><line number="282" hits="5" branch="false"/><line number="284" hits="5" branch="true" condition-coverage="50% (1/2)"><conditions><condition number="0" type="jump" coverage="50%"/></conditions></line><line number="285" hits="0" branch="false"/><line number="288" hits="5" branch="false"/><line number="291" hits="2" branch="false"/><line number="293" hits="2" branch="false"/><line number="295" hits="4" branch="true" condition-coverage="100% (2/2)"><conditions><condition number="0" type="jump" coverage="100%"/></conditions></line><line number="296" hits="2" branch="true" condition-coverage="50% (1/2)"><conditions><condition number="0" type="jump" coverage="50%"/></conditions></line><line number="297" hits="0" branch="false"/><line number="299" hits="2" branch="false"/><line number="301" hits="2" branch="false"/><line number="308" hits="69" branch="false"/><line number="310" hits="138" branch="true" condition-coverage="100% (2/2)"><conditions><condition number="0" type="jump" coverage="100%"/></conditions></line><line number="311" hits="69" branch="false"/><line number="313" hits="69" branch="false"/><line number="314" hits="69" branch="false"/><line number="315" hits="69" branch="false"/><line number="316" hits="69" branch="false"/><line number="317" hits="69" branch="false"/><line number="318" hits="69" branch="false"/><line number="319" hits="69" branch="false"/><line number="321" hits="69" branch="false"/><line number="322" hits="69" branch="false"/><line number="325" hits="69" branch="false"/><line number="326" hits="69" branch="false"/><line number="329" hits="138" branch="false"/><line number="330" hits="69" branch="false"/><line number="332" hits="138" branch="false"/><line number="333" hits="69" branch="false"/><line number="335" hits="69" branch="false"/><line number="336" hits="69" branch="false"/><line number="339" hits="69" branch="false"/><line number="340" hits="69" branch="false"/></lines></class><class name="fake_remote_sensor_shell_c" filename="weather-station/lib/fake_remote_sensor/src/fake_remote_sensor_shell.c" line-rate="0.0" branch-rate="0.0" complexity="0.0"><methods><method name="cmd_announce" signature="" line-rate="0.0" branch-rate="0.0" complexity="0.0"><lines><line number="11" hits="0" branch="false"/><line number="15" hits="0" branch="false"/><line number="17" hits="0" branch="true" condition-coverage="0% (0/2)"><conditions><condition number="0" type="jump" coverage="0%"/></conditions></line><line number="18" hits="0" branch="false"/><line number="20" hits="0" branch="false"/><line number="22" hits="0" branch="false"/></lines></method><method name="cmd_publish" signature="" line-rate="0.0" branch-rate="1.0" complexity="0.0"><lines><line number="25" hits="0" branch="false"/><line number="29" hits="0" branch="false"/><line number="30" hits="0" branch="false"/><line number="31" hits="0" branch="false"/></lines></method></methods><lines><line number="11" hits="0" branch="false"/><line number="15" hits="0" branch="false"/><line number="17" hits="0" branch="true" condition-coverage="0% (0/2)"><conditions><condition number="0" type="jump" coverage="0%"/></conditions></line><line number="18" hits="0" branch="false"/><line number="20" hits="0" branch="false"/><line number="22" hits="0" branch="false"/><line number="25" hits="0" branch="false"/><line number="29" hits="0" branch="false"/><line number="30" hits="0" branch="false"/><line number="31" hits="0" branch="false"/></lines></class></classes></package><package name="weather-station.lib.fake_sensors.src" line-rate="0.6731707317073171" branch-rate="0.25745257452574527" complexity="0.0"><classes><class name="fake_co2_c" filename="weather-station/lib/fake_sensors/src/fake_co2.c" line-rate="0.8333333333333334" branch-rate="0.3" complexity="0.0"><methods><method name="fake_co2_publish_0" signature="" line-rate="1.0" branch-rate="0.1875" complexity="0.0"><lines><line number="87" hits="2" branch="true" condition-coverage="18% (3/16)"><conditions><condition number="0" type="jump" coverage="18%"/></conditions></line></lines></method><method name="fake_co2_trigger_cb" signature="" line-rate="0.8888888888888888" branch-rate="0.40625" complexity="0.0"><lines><line number="92" hits="12" branch="false"/><line number="94" hits="12" branch="false"/><line number="96" hits="72" branch="true" condition-coverage="88% (8/9)"><conditions><condition number="0" type="jump" coverage="88%"/></conditions></line><line number="98" hits="60" branch="true" condition-coverage="100% (2/2)"><conditions><condition number="0" type="jump" coverage="100%"/></conditions></line><line number="99" hits="51" branch="false"/><line number="101" hits="9" branch="true" condition-coverage="25% (1/4)"><conditions><condition number="0" type="jump" coverage="25%"/></conditions></line><line number="102" hits="0" branch="false"/><line number="104" hits="9" branch="true" condition-coverage="11% (2/17)"><conditions><condition number="0" type="jump" coverage="11%"/></conditions></line><line number="106" hits="12" branch="false"/></lines></method><method name="fake_co2_init" signature="" line-rate="0.75" branch-rate="0.16666666666666666" complexity="0.0"><lines><line number="132" hits="70" branch="false"/><line number="134" hits="70" branch="false"/><line number="136" hits="70" branch="true" condition-coverage="50% (1/2)"><conditions><condition number="0" type="jump" coverage="50%"/></conditions></line><line number="137" hits="0" branch="false"/><line number="138" hits="0" branch="false"/><line number="141" hits="68" branch="true" condition-coverage="10% (1/10)"><conditions><condition number="0" type="jump" coverage="10%"/></conditions></line><line number="143" hits="70" branch="false"/><line number="144" hits="70" branch="false"/></lines></method></methods><lines><line number="87" hits="2" branch="true" condition-coverage="18% (3/16)"><conditions><condition number="0" type="jump" coverage="18%"/></conditions></line><line number="92" hits="12" branch="false"/><line number="94" hits="12" branch="false"/><line number="96" hits="72" branch="true" condition-coverage="88% (8/9)"><conditions><condition number="0" type="jump" coverage="88%"/></conditions></line><line number="98" hits="60" branch="true" condition-coverage="100% (2/2)"><conditions><condition number="0" type="jump" coverage="100%"/></conditions></line><line number="99" hits="51" branch="false"/><line number="101" hits="9" branch="true" condition-coverage="25% (1/4)"><conditions><condition number="0" type="jump" coverage="25%"/></conditions></line><line number="102" hits="0" branch="false"/><line number="104" hits="9" branch="true" condition-coverage="11% (2/17)"><conditions><condition number="0" type="jump" coverage="11%"/></conditions></line><line number="106" hits="12" branch="false"/><line number="132" hits="70" branch="false"/><line number="134" hits="70" branch="false"/><line number="136" hits="70" branch="true" condition-coverage="50% (1/2)"><conditions><condition number="0" type="jump" coverage="50%"/></conditions></line><line number="137" hits="0" branch="false"/><line number="138" hits="0" branch="false"/><line number="141" hits="68" branch="true" condition-coverage="10% (1/10)"><conditions><condition number="0" type="jump" coverage="10%"/></conditions></line><line number="143" hits="70" branch="false"/><line number="144" hits="70" branch="false"/></lines></class><class name="fake_humidity_c" filename="weather-station/lib/fake_sensors/src/fake_humidity.c" line-rate="0.7368421052631579" branch-rate="0.1836734693877551" complexity="0.0"><methods><method name="fake_hum_publish_0" signature="" line-rate="0.0" branch-rate="0.0" complexity="0.0"><lines><line number="87" hits="0" branch="true" condition-coverage="0% (0/27)"><conditions><condition number="0" type="jump" coverage="0%"/></conditions></line></lines></method><method name="fake_hum_publish_1" signature="" line-rate="0.0" branch-rate="0.0" complexity="0.0"><lines><line number="87" hits="0" branch="true" condition-coverage="0% (0/16)"><conditions><condition number="0" type="jump" coverage="0%"/></conditions></line></lines></method><method name="fake_hum_trigger_cb" signature="" line-rate="0.8888888888888888" branch-rate="0.46875" complexity="0.0"><lines><line number="92" hits="12" branch="false"/><line number="94" hits="12" branch="false"/><line number="96" hits="72" branch="true" condition-coverage="88% (8/9)"><conditions><condition number="0" type="jump" coverage="88%"/></conditions></line><line number="98" hits="60" branch="true" condition-coverage="100% (2/2)"><conditions><condition number="0" type="jump" coverage="100%"/></conditions></line><line number="99" hits="39" branch="false"/><line number="101" hits="21" branch="true" condition-coverage="25% (1/4)"><conditions><condition number="0" type="jump" coverage="25%"/></conditions></line><line number="102" hits="0" branch="false"/><line number="104" hits="21" branch="true" condition-coverage="23% (4/17)"><conditions><condition number="0" type="jump" coverage="23%"/></conditions></line><line number="106" hits="12" branch="false"/></lines></method><method name="fake_hum_init" signature="" line-rate="0.75" branch-rate="0.13043478260869565" complexity="0.0"><lines><line number="132" hits="70" branch="false"/><line number="134" hits="70" branch="false"/><line number="136" hits="70" branch="true" condition-coverage="50% (1/2)"><conditions><condition number="0" type="jump" coverage="50%"/></conditions></line><line number="137" hits="0" branch="false"/><line number="138" hits="0" branch="false"/><line number="141" hits="70" branch="true" condition-coverage="9% (2/21)"><conditions><condition number="0" type="jump" coverage="9%"/></conditions></line><line number="143" hits="70" branch="false"/><line number="144" hits="70" branch="false"/></lines></method></methods><lines><line number="87" hits="0" branch="true" condition-coverage="0% (0/27)"><conditions><condition number="0" type="jump" coverage="0%"/></conditions></line><line number="87" hits="0" branch="true" condition-coverage="0% (0/16)"><conditions><condition number="0" type="jump" coverage="0%"/></conditions></line><line number="92" hits="12" branch="false"/><line number="94" hits="12" branch="false"/><line number="96" hits="72" branch="true" condition-coverage="88% (8/9)"><conditions><condition number="0" type="jump" coverage="88%"/></conditions></line><line number="98" hits="60" branch="true" condition-coverage="100% (2/2)"><conditions><condition number="0" type="jump" coverage="100%"/></conditions></line><line number="99" hits="39" branch="false"/><line number="101" hits="21" branch="true" condition-coverage="25% (1/4)"><conditions><condition number="0" type="jump" coverage="25%"/></conditions></line><line number="102" hits="0" branch="false"/><line number="104" hits="21" branch="true" condition-coverage="23% (4/17)"><conditions><condition number="0" type="jump" coverage="23%"/></conditions></line><line number="106" hits="12" branch="false"/><line number="132" hits="70" branch="false"/><line number="134" hits="70" branch="false"/><line number="136" hits="70" branch="true" condition-coverage="50% (1/2)"><conditions><condition number="0" type="jump" coverage="50%"/></conditions></line><line number="137" hits="0" branch="false"/><line number="138" hits="0" branch="false"/><line number="141" hits="70" branch="true" condition-coverage="9% (2/21)"><conditions><condition number="0" type="jump" coverage="9%"/></conditions></line><line number="143" hits="70" branch="false"/><line number="144" hits="70" branch="false"/></lines></class><class name="fake_sensors_config_cmd_c" filename="weather-station/lib/fake_sensors/src/fake_sensors_config_cmd.c" line-rate="0.8461538461538461" branch-rate="0.75" complexity="0.0"><methods><method name="config_cmd_cb" signature="" line-rate="1.0" branch-rate="1.0" complexity="0.0"><lines><line number="19" hits="34" branch="false"/><line number="21" hits="34" branch="false"/><line number="23" hits="34" branch="true" condition-coverage="100% (2/2)"><conditions><condition number="0" type="jump" coverage="100%"/></conditions></line><line number="24" hits="11" branch="false"/><line number="25" hits="11" branch="false"/><line number="27" hits="34" branch="false"/></lines></method><method name="fake_sensors_config_cmd_init" signature="" line-rate="0.7142857142857143" branch-rate="0.5" complexity="0.0"><lines><line number="31" hits="69" branch="false"/><line number="33" hits="69" branch="false"/><line number="35" hits="69" branch="true" condition-coverage="50% (1/2)"><conditions><condition number="0" type="jump" coverage="50%"/></conditions></line><line number="36" hits="0" branch="false"/><line number="37" hits="0" branch="false"/><line number="39" hits="69" branch="false"/><line number="40" hits="69" branch="false"/></lines></method></methods><lines><line number="19" hits="34" branch="false"/><line number="21" hits="34" branch="false"/><line number="23" hits="34" branch="true" condition-coverage="100% (2/2)"><conditions><condition number="0" type="jump" coverage="100%"/></conditions></line><line number="24" hits="11" branch="false"/><line number="25" hits="11" branch="false"/><line number="27" hits="34" branch="false"/><line number="31" hits="69" branch="false"/><line number="33" hits="69" branch="false"/><line number="35" hits="69" branch="true" condition-coverage="50% (1/2)"><conditions><condition number="0" type="jump" coverage="50%"/></conditions></line><line number="36" hits="0" branch="false"/><line number="37" hits="0" branch="false"/><line number="39" hits="69" branch="false"/><line number="40" hits="69" branch="false"/></lines></class><class name="fake_sensors_shell_c" filename="weather-station/lib/fake_sensors/src/fake_sensors_shell.c" line-rate="0.53" branch-rate="0.40425531914893614" complexity="0.0"><methods><method name="cmd_list" signature="" line-rate="0.8571428571428571" branch-rate="0.7777777777777778" complexity="0.0"><lines><line number="18" hits="4" branch="false"/><line number="23" hits="4" branch="false"/><line number="24" hits="4" branch="false"/><line number="26" hits="28" branch="true" condition-coverage="100% (2/2)"><conditions><condition number="0" type="jump" coverage="100%"/></conditions></line><line number="31" hits="24" branch="true" condition-coverage="80% (4/5)"><conditions><condition number="0" type="jump" coverage="80%"/></conditions></line><line number="32" hits="8" branch="false"/><line number="33" hits="8" branch="false"/><line number="34" hits="8" branch="false"/><line number="35" hits="8" branch="false"/><line number="36" hits="8" branch="false"/><line number="37" hits="8" branch="false"/><line number="38" hits="8" branch="false"/><line number="39" hits="8" branch="false"/><line number="40" hits="4" branch="false"/><line number="41" hits="4" branch="false"/><line number="42" hits="4" branch="false"/><line number="43" hits="4" branch="false"/><line number="44" hits="4" branch="false"/><line number="45" hits="4" branch="false"/><line number="46" hits="4" branch="false"/><line number="47" hits="4" branch="false"/><line number="48" hits="0" branch="false"/><line number="49" hits="0" branch="false"/><line number="50" hits="0" branch="false"/><line number="51" hits="0" branch="false"/><line number="54" hits="24" branch="false"/><line number="59" hits="24" branch="true" condition-coverage="50% (1/2)"><conditions><condition number="0" type="jump" coverage="50%"/></conditions></line><line number="62" hits="4" branch="false"/></lines></method><method name="cmd_temperature_set" signature="" line-rate="0.7333333333333333" branch-rate="0.625" complexity="0.0"><lines><line number="68" hits="2" branch="false"/><line number="70" hits="2" branch="true" condition-coverage="50% (1/2)"><conditions><condition number="0" type="jump" coverage="50%"/></conditions></line><line number="71" hits="0" branch="false"/><line number="72" hits="0" branch="false"/><line number="75" hits="2" branch="false"/><line number="76" hits="2" branch="false"/><line number="78" hits="8" branch="true" condition-coverage="50% (1/2)"><conditions><condition number="0" type="jump" coverage="50%"/></conditions></line><line number="80" hits="8" branch="true" condition-coverage="75% (3/4)"><conditions><condition number="0" type="jump" coverage="75%"/></conditions></line><line number="81" hits="6" branch="false"/><line number="83" hits="2" branch="false"/><line number="84" hits="2" branch="false"/><line number="85" hits="2" branch="false"/><line number="86" hits="2" branch="false"/><line number="89" hits="0" branch="false"/><line number="90" hits="0" branch="false"/></lines></method><method name="cmd_humidity_set" signature="" line-rate="0.0" branch-rate="0.0" complexity="0.0"><lines><line number="96" hits="0" branch="false"/><line number="98" hits="0" branch="true" condition-coverage="0% (0/2)"><conditions><condition number="0" type="jump" coverage="0%"/></conditions></line><line number="99" hits="0" branch="false"/><line number="100" hits="0" branch="false"/><line number="103" hits="0" branch="false"/><line number="104" hits="0" branch="false"/><line number="106" hits="0" branch="true" condition-coverage="0% (0/2)"><conditions><condition number="0" type="jump" coverage="0%"/></conditions></line><line number="108" hits="0" branch="true" condition-coverage="0% (0/4)"><conditions><condition number="0" type="jump" coverage="0%"/></conditions></line><line number="109" hits="0" branch="false"/><line number="111" hits="0" branch="false"/><line number="112" hits="0" branch="false"/><line number="113" hits="0" branch="false"/><line number="114" hits="0" branch="false"/><line number="117" hits="0" branch="false"/><line number="118" hits="0" branch="false"/></lines></method><method name="cmd_co2_set" signature="" line-rate="0.6666666666666666" branch-rate="0.5" complexity="0.0"><lines><line number="124" hits="2" branch="false"/><line number="126" hits="2" branch="true" condition-coverage="50% (1/2)"><conditions><condition number="0" type="jump" coverage="50%"/></conditions></line><line number="127" hits="0" branch="false"/><line number="128" hits="0" branch="false"/><line number="131" hits="2" branch="false"/><line number="132" hits="2" branch="false"/><line number="134" hits="2" branch="true" condition-coverage="50% (1/2)"><conditions><condition number="0" type="jump" coverage="50%"/></conditions></line><line number="136" hits="2" branch="true" condition-coverage="50% (2/4)"><conditions><condition number="0" type="jump" coverage="50%"/></conditions></line><line number="137" hits="0" branch="false"/><line number="139" hits="2" branch="false"/><line number="140" hits="2" branch="false"/><line number="141" hits="2" branch="false"/><line number="142" hits="2" branch="false"/><line number="145" hits="0" branch="false"/><line number="146" hits="0" branch="false"/></lines></method><method name="cmd_voc_set" signature="" line-rate="0.0" branch-rate="0.0" complexity="0.0"><lines><line number="152" hits="0" branch="false"/><line number="154" hits="0" branch="true" condition-coverage="0% (0/2)"><conditions><condition number="0" type="jump" coverage="0%"/></conditions></line><line number="155" hits="0" branch="false"/><line number="156" hits="0" branch="false"/><line number="159" hits="0" branch="false"/><line number="160" hits="0" branch="false"/><line number="162" hits="0" branch="true" condition-coverage="0% (0/2)"><conditions><condition number="0" type="jump" coverage="0%"/></conditions></line><line number="164" hits="0" branch="true" condition-coverage="0% (0/4)"><conditions><condition number="0" type="jump" coverage="0%"/></conditions></line><line number="165" hits="0" branch="false"/><line number="167" hits="0" branch="false"/><line number="168" hits="0" branch="false"/><line number="169" hits="0" branch="false"/><line number="170" hits="0" branch="false"/><line number="173" hits="0" branch="false"/><line number="174" hits="0" branch="false"/></lines></method><method name="cmd_trigger" signature="" line-rate="0.6666666666666666" branch-rate="0.5" complexity="0.0"><lines><line number="181" hits="8" branch="false"/><line number="183" hits="8" branch="false"/><line number="188" hits="8" branch="true" condition-coverage="50% (1/2)"><conditions><condition number="0" type="jump" coverage="50%"/></conditions></line><line number="189" hits="0" branch="false"/><line number="192" hits="8" branch="false"/><line number="194" hits="8" branch="true" condition-coverage="50% (1/2)"><conditions><condition number="0" type="jump" coverage="50%"/></conditions></line><line number="195" hits="0" branch="false"/><line number="196" hits="0" branch="false"/><line number="199" hits="8" branch="true" condition-coverage="50% (1/2)"><conditions><condition number="0" type="jump" coverage="50%"/></conditions></line><line number="200" hits="8" branch="false"/><line number="202" hits="0" branch="false"/><line number="204" hits="8" branch="false"/></lines></method></methods><lines><line number="18" hits="4" branch="false"/><line number="23" hits="4" branch="false"/><line number="24" hits="4" branch="false"/><line number="26" hits="28" branch="true" condition-coverage="100% (2/2)"><conditions><condition number="0" type="jump" coverage="100%"/></conditions></line><line number="31" hits="24" branch="true" condition-coverage="80% (4/5)"><conditions><condition number="0" type="jump" coverage="80%"/></conditions></line><line number="32" hits="8" branch="false"/><line number="33" hits="8" branch="false"/><line number="34" hits="8" branch="false"/><line number="35" hits="8" branch="false"/><line number="36" hits="8" branch="false"/><line number="37" hits="8" branch="false"/><line number="38" hits="8" branch="false"/><line number="39" hits="8" branch="false"/><line number="40" hits="4" branch="false"/><line number="41" hits="4" branch="false"/><line number="42" hits="4" branch="false"/><line number="43" hits="4" branch="false"/><line number="44" hits="4" branch="false"/><line number="45" hits="4" branch="false"/><line number="46" hits="4" branch="false"/><line number="47" hits="4" branch="false"/><line number="48" hits="0" branch="false"/><line number="49" hits="0" branch="false"/><line number="50" hits="0" branch="false"/><line number="51" hits="0" branch="false"/><line number="54" hits="24" branch="false"/><line number="59" hits="24" branch="true" condition-coverage="50% (1/2)"><conditions><condition number="0" type="jump" coverage="50%"/></conditions></line><line number="62" hits="4" branch="false"/><line number="68" hits="2" branch="false"/><line number="70" hits="2" branch="true" condition-coverage="50% (1/2)"><conditions><condition number="0" type="jump" coverage="50%"/></conditions></line><line number="71" hits="0" branch="false"/><line number="72" hits="0" branch="false"/><line number="75" hits="2" branch="false"/><line number="76" hits="2" branch="false"/><line number="78" hits="8" branch="true" condition-coverage="50% (1/2)"><conditions><condition number="0" type="jump" coverage="50%"/></conditions></line><line number="80" hits="8" branch="true" condition-coverage="75% (3/4)"><conditions><condition number="0" type="jump" coverage="75%"/></conditions></line><line number="81" hits="6" branch="false"/><line number="83" hits="2" branch="false"/><line number="84" hits="2" branch="false"/><line number="85" hits="2" branch="false"/><line number="86" hits="2" branch="false"/><line number="89" hits="0" branch="false"/><line number="90" hits="0" branch="false"/><line number="96" hits="0" branch="false"/><line number="98" hits="0" branch="true" condition-coverage="0% (0/2)"><conditions><condition number="0" type="jump" coverage="0%"/></conditions></line><line number="99" hits="0" branch="false"/><line number="100" hits="0" branch="false"/><line number="103" hits="0" branch="false"/><line number="104" hits="0" branch="false"/><line number="106" hits="0" branch="true" condition-coverage="0% (0/2)"><conditions><condition number="0" type="jump" coverage="0%"/></conditions></line><line number="108" hits="0" branch="true" condition-coverage="0% (0/4)"><conditions><condition number="0" type="jump" coverage="0%"/></conditions></line><line number="109" hits="0" branch="false"/><line number="111" hits="0" branch="false"/><line number="112" hits="0" branch="false"/><line number="113" hits="0" branch="false"/><line number="114" hits="0" branch="false"/><line number="117" hits="0" branch="false"/><line number="118" hits="0" branch="false"/><line number="124" hits="2" branch="false"/><line number="126" hits="2" branch="true" condition-coverage="50% (1/2)"><conditions><condition number="0" type="jump" coverage="50%"/></conditions></line><line number="127" hits="0" branch="false"/><line number="128" hits="0" branch="false"/><line number="131" hits="2" branch="false"/><line number="132" hits="2" branch="false"/><line number="134" hits="2" branch="true" condition-coverage="50% (1/2)"><conditions><condition number="0" type="jump" coverage="50%"/></conditions></line><line number="136" hits="2" branch="true" condition-coverage="50% (2/4)"><conditions><condition number="0" type="jump" coverage="50%"/></conditions></line><line number="137" hits="0" branch="false"/><line number="139" hits="2" branch="false"/><line number="140" hits="2" branch="false"/><line number="141" hits="2" branch="false"/><line number="142" hits="2" branch="false"/><line number="145" hits="0" branch="false"/><line number="146" hits="0" branch="false"/><line number="152" hits="0" branch="false"/><line number="154" hits="0" branch="true" condition-coverage="0% (0/2)"><conditions><condition number="0" type="jump" coverage="0%"/></conditions></line><line number="155" hits="0" branch="false"/><line number="156" hits="0" branch="false"/><line number="159" hits="0" branch="false"/><line number="160" hits="0" branch="false"/><line number="162" hits="0" branch="true" condition-coverage="0% (0/2)"><conditions><condition number="0" type="jump" coverage="0%"/></conditions></line><line number="164" hits="0" branch="true" condition-coverage="0% (0/4)"><conditions><condition number="0" type="jump" coverage="0%"/></conditions></line><line number="165" hits="0" branch="false"/><line number="167" hits="0" branch="false"/><line number="168" hits="0" branch="false"/><line number="169" hits="0" branch="false"/><line number="170" hits="0" branch="false"/><line number="173" hits="0" branch="false"/><line number="174" hits="0" branch="false"/><line number="181" hits="8" branch="false"/><line number="183" hits="8" branch="false"/><line number="188" hits="8" branch="true" condition-coverage="50% (1/2)"><conditions><condition number="0" type="jump" coverage="50%"/></conditions></line><line number="189" hits="0" branch="false"/><line number="192" hits="8" branch="false"/><line number="194" hits="8" branch="true" condition-coverage="50% (1/2)"><conditions><condition number="0" type="jump" coverage="50%"/></conditions></line><line number="195" hits="0" branch="false"/><line number="196" hits="0" branch="false"/><line number="199" hits="8" branch="true" condition-coverage="50% (1/2)"><conditions><condition number="0" type="jump" coverage="50%"/></conditions></line><line number="200" hits="8" branch="false"/><line number="202" hits="0" branch="false"/><line number="204" hits="8" branch="false"/></lines></class><class name="fake_sensors_timer_c" filename="weather-station/lib/fake_sensors/src/fake_sensors_timer.c" line-rate="0.875" branch-rate="0.5" complexity="0.0"><methods><method name="auto_timer_cb" signature="" line-rate="1.0" branch-rate="1.0" complexity="0.0"><lines><line number="27" hits="1" branch="false"/><line number="30" hits="1" branch="false"/><line number="34" hits="1" branch="false"/><line number="35" hits="1" branch="false"/></lines></method><method name="fake_sensors_set_auto_publish_ms" signature="" line-rate="0.7142857142857143" branch-rate="0.5" complexity="0.0"><lines><line number="37" hits="11" branch="false"/><line number="39" hits="11" branch="true" condition-coverage="50% (1/2)"><conditions><condition number="0" type="jump" coverage="50%"/></conditions></line><line number="40" hits="11" branch="false"/><line number="41" hits="11" branch="false"/><line number="43" hits="0" branch="false"/><line number="44" hits="0" branch="false"/><line number="46" hits="11" branch="false"/></lines></method><method name="fake_sensors_timer_init" signature="" line-rate="1.0" branch-rate="1.0" complexity="0.0"><lines><line number="48" hits="70" branch="false"/><line number="51" hits="68" branch="false"/><line number="52" hits="68" branch="false"/><line number="53" hits="68" branch="false"/><line number="55" hits="70" branch="false"/></lines></method></methods><lines><line number="27" hits="1" branch="false"/><line number="30" hits="1" branch="false"/><line number="34" hits="1" branch="false"/><line number="35" hits="1" branch="false"/><line number="37" hits="11" branch="false"/><line number="39" hits="11" branch="true" condition-coverage="50% (1/2)"><conditions><condition number="0" type="jump" coverage="50%"/></conditions></line><line number="40" hits="11" branch="false"/><line number="41" hits="11" branch="false"/><line number="43" hits="0" branch="false"/><line number="44" hits="0" branch="false"/><line number="46" hits="11" branch="false"/><line number="48" hits="70" branch="false"/><line number="51" hits="68" branch="false"/><line number="52" hits="68" branch="false"/><line number="53" hits="68" branch="false"/><line number="55" hits="70" branch="false"/></lines></class><class name="fake_temperature_c" filename="weather-station/lib/fake_sensors/src/fake_temperature.c" line-rate="0.8095238095238095" branch-rate="0.21428571428571427" complexity="0.0"><methods><method name="fake_temp_publish_0" signature="" line-rate="1.0" branch-rate="0.1111111111111111" complexity="0.0"><lines><line number="96" hits="2" branch="true" condition-coverage="11% (3/27)"><conditions><condition number="0" type="jump" coverage="11%"/></conditions></line></lines></method><method name="fake_temp_publish_1" signature="" line-rate="0.0" branch-rate="0.0" complexity="0.0"><lines><line number="96" hits="0" branch="true" condition-coverage="0% (0/16)"><conditions><condition number="0" type="jump" coverage="0%"/></conditions></line></lines></method><method name="fake_temp_trigger_cb" signature="" line-rate="0.8888888888888888" branch-rate="0.46875" complexity="0.0"><lines><line number="102" hits="82" branch="false"/><line number="104" hits="82" branch="false"/><line number="106" hits="554" branch="true" condition-coverage="88% (8/9)"><conditions><condition number="0" type="jump" coverage="88%"/></conditions></line><line number="108" hits="472" branch="true" condition-coverage="100% (2/2)"><conditions><condition number="0" type="jump" coverage="100%"/></conditions></line><line number="109" hits="313" branch="false"/><line number="111" hits="159" branch="true" condition-coverage="25% (1/4)"><conditions><condition number="0" type="jump" coverage="25%"/></conditions></line><line number="112" hits="0" branch="false"/><line number="114" hits="159" branch="true" condition-coverage="23% (4/17)"><conditions><condition number="0" type="jump" coverage="23%"/></conditions></line><line number="116" hits="82" branch="false"/></lines></method><method name="fake_temp_init" signature="" line-rate="0.8" branch-rate="0.13043478260869565" complexity="0.0"><lines><line number="142" hits="70" branch="false"/><line number="145" hits="70" branch="false"/><line number="147" hits="70" branch="true" condition-coverage="50% (1/2)"><conditions><condition number="0" type="jump" coverage="50%"/></conditions></line><line number="148" hits="0" branch="false"/><line number="149" hits="0" branch="false"/><line number="153" hits="70" branch="true" condition-coverage="9% (2/21)"><conditions><condition number="0" type="jump" coverage="9%"/></conditions></line><line number="156" hits="70" branch="false"/><line number="160" hits="70" branch="false"/><line number="162" hits="70" branch="false"/><line number="163" hits="70" branch="false"/></lines></method></methods><lines><line number="96" hits="2" branch="true" condition-coverage="11% (3/27)"><conditions><condition number="0" type="jump" coverage="11%"/></conditions></line><line number="96" hits="0" branch="true" condition-coverage="0% (0/16)"><conditions><condition number="0" type="jump" coverage="0%"/></conditions></line><line number="102" hits="82" branch="false"/><line number="104" hits="82" branch="false"/><line number="106" hits="554" branch="true" condition-coverage="88% (8/9)"><conditions><condition number="0" type="jump" coverage="88%"/></conditions></line><line number="108" hits="472" branch="true" condition-coverage="100% (2/2)"><conditions><condition number="0" type="jump" coverage="100%"/></conditions></line><line number="109" hits="313" branch="false"/><line number="111" hits="159" branch="true" condition-coverage="25% (1/4)"><conditions><condition number="0" type="jump" coverage="25%"/></conditions></line><line number="112" hits="0" branch="false"/><line number="114" hits="159" branch="true" condition-coverage="23% (4/17)"><conditions><condition number="0" type="jump" coverage="23%"/></conditions></line><line number="116" hits="82" branch="false"/><line number="142" hits="70" branch="false"/><line number="145" hits="70" branch="false"/><line number="147" hits="70" branch="true" condition-coverage="50% (1/2)"><conditions><condition number="0" type="jump" coverage="50%"/></conditions></line><line number="148" hits="0" branch="false"/><line number="149" hits="0" branch="false"/><line number="153" hits="70" branch="true" condition-coverage="9% (2/21)"><conditions><condition number="0" type="jump" coverage="9%"/></conditions></line><line number="156" hits="70" branch="false"/><line number="160" hits="70" branch="false"/><line number="162" hits="70" branch="false"/><line number="163" hits="70" branch="false"/></lines></class><class name="fake_voc_c" filename="weather-station/lib/fake_sensors/src/fake_voc.c" line-rate="0.7777777777777778" branch-rate="0.25" complexity="0.0"><methods><method name="fake_voc_publish_0" signature="" line-rate="0.0" branch-rate="0.0" complexity="0.0"><lines><line number="87" hits="0" branch="true" condition-coverage="0% (0/16)"><conditions><condition number="0" type="jump" coverage="0%"/></conditions></line></lines></method><method name="fake_voc_trigger_cb" signature="" line-rate="0.8888888888888888" branch-rate="0.40625" complexity="0.0"><lines><line number="92" hits="12" branch="false"/><line number="94" hits="12" branch="false"/><line number="96" hits="72" branch="true" condition-coverage="88% (8/9)"><conditions><condition number="0" type="jump" coverage="88%"/></conditions></line><line number="98" hits="60" branch="true" condition-coverage="100% (2/2)"><conditions><condition number="0" type="jump" coverage="100%"/></conditions></line><line number="99" hits="51" branch="false"/><line number="101" hits="9" branch="true" condition-coverage="25% (1/4)"><conditions><condition number="0" type="jump" coverage="25%"/></conditions></line><line number="102" hits="0" branch="false"/><line number="104" hits="9" branch="true" condition-coverage="11% (2/17)"><conditions><condition number="0" type="jump" coverage="11%"/></conditions></line><line number="106" hits="12" branch="false"/></lines></method><method name="fake_voc_init" signature="" line-rate="0.75" branch-rate="0.16666666666666666" complexity="0.0"><lines><line number="132" hits="70" branch="false"/><line number="134" hits="70" branch="false"/><line number="136" hits="70" branch="true" condition-coverage="50% (1/2)"><conditions><condition number="0" type="jump" coverage="50%"/></conditions></line><line number="137" hits="0" branch="false"/><line number="138" hits="0" branch="false"/><line number="141" hits="68" branch="true" condition-coverage="10% (1/10)"><conditions><condition number="0" type="jump" coverage="10%"/></conditions></line><line number="143" hits="70" branch="false"/><line number="144" hits="70" branch="false"/></lines></method></methods><lines><line number="87" hits="0" branch="true" condition-coverage="0% (0/16)"><conditions><condition number="0" type="jump" coverage="0%"/></conditions></line><line number="92" hits="12" branch="false"/><line number="94" hits="12" branch="false"/><line number="96" hits="72" branch="true" condition-coverage="88% (8/9)"><conditions><condition number="0" type="jump" coverage="88%"/></conditions></line><line number="98" hits="60" branch="true" condition-coverage="100% (2/2)"><conditions><condition number="0" type="jump" coverage="100%"/></conditions></line><line number="99" hits="51" branch="false"/><line number="101" hits="9" branch="true" condition-coverage="25% (1/4)"><conditions><condition number="0" type="jump" coverage="25%"/></conditions></line><line number="102" hits="0" branch="false"/><line number="104" hits="9" branch="true" condition-coverage="11% (2/17)"><conditions><condition number="0" type="jump" coverage="11%"/></conditions></line><line number="106" hits="12" branch="false"/><line number="132" hits="70" branch="false"/><line number="134" hits="70" branch="false"/><line number="136" hits="70" branch="true" condition-coverage="50% (1/2)"><conditions><condition number="0" type="jump" coverage="50%"/></conditions></line><line number="137" hits="0" branch="false"/><line number="138" hits="0" branch="false"/><line number="141" hits="68" branch="true" condition-coverage="10% (1/10)"><conditions><condition number="0" type="jump" coverage="10%"/></conditions></line><line number="143" hits="70" branch="false"/><line number="144" hits="70" branch="false"/></lines></class></classes></package><package name="weather-station.lib.http_dashboard.src" line-rate="0.7395048439181916" branch-rate="0.5171385991058122" complexity="0.0"><classes><class name="auth_c" filename="weather-station/lib/http_dashboard/src/auth.c" line-rate="0.7767857142857143" branch-rate="0.5547945205479452" complexity="0.0"><methods><method name="ct_strcmp" signature="" line-rate="1.0" branch-rate="1.0" complexity="0.0"><lines><line number="64" hits="118" branch="false"/><line number="66" hits="118" branch="false"/><line number="67" hits="118" branch="true" condition-coverage="100% (2/2)"><conditions><condition number="0" type="jump" coverage="100%"/></conditions></line><line number="69" hits="2018" branch="true" condition-coverage="100% (2/2)"><conditions><condition number="0" type="jump" coverage="100%"/></conditions></line><line number="70" hits="1900" branch="true" condition-coverage="100% (2/2)"><conditions><condition number="0" type="jump" coverage="100%"/></conditions></line><line number="71" hits="1900" branch="true" condition-coverage="100% (2/2)"><conditions><condition number="0" type="jump" coverage="100%"/></conditions></line><line number="73" hits="1900" branch="false"/><line number="75" hits="118" branch="false"/></lines></method><method name="generate_token" signature="" line-rate="0.75" branch-rate="0.5" complexity="0.0"><lines><line number="79" hits="99" branch="false"/><line number="82" hits="99" branch="false"/><line number="84" hits="99" branch="true" condition-coverage="50% (1/2)"><conditions><condition number="0" type="jump" coverage="50%"/></conditions></line><line number="85" hits="0" branch="false"/><line number="87" hits="99" branch="false"/><line number="89" hits="99" branch="true" condition-coverage="50% (1/2)"><conditions><condition number="0" type="jump" coverage="50%"/></conditions></line><line number="90" hits="0" branch="false"/><line number="92" hits="99" branch="false"/></lines></method><method name="cookie_extract" signature="" line-rate="0.6153846153846154" branch-rate="0.4166666666666667" complexity="0.0"><lines><line number="101" hits="44" branch="false"/><line number="103" hits="44" branch="true" condition-coverage="50% (4/8)"><conditions><condition number="0" type="jump" coverage="50%"/></conditions></line><line number="104" hits="0" branch="false"/><line number="106" hits="44" branch="false"/><line number="107" hits="44" branch="false"/><line number="109" hits="44" branch="true" condition-coverage="50% (1/2)"><conditions><condition number="0" type="jump" coverage="50%"/></conditions></line><line number="111" hits="44" branch="true" condition-coverage="50% (1/2)"><conditions><condition number="0" type="jump" coverage="50%"/></conditions></line><line number="112" hits="0" branch="false"/><line number="115" hits="44" branch="true" condition-coverage="50% (2/4)"><conditions><condition number="0" type="jump" coverage="50%"/></conditions></line><line number="116" hits="44" branch="false"/><line number="117" hits="44" branch="false"/><line number="119" hits="44" branch="true" condition-coverage="50% (1/2)"><conditions><condition number="0" type="jump" coverage="50%"/></conditions></line><line number="120" hits="44" branch="false"/><line number="122" hits="44" branch="false"/><line number="124" hits="44" branch="true" condition-coverage="50% (1/2)"><conditions><condition number="0" type="jump" coverage="50%"/></conditions></line><line number="125" hits="0" branch="false"/><line number="127" hits="44" branch="false"/><line number="128" hits="44" branch="false"/><line number="129" hits="44" branch="false"/><line number="132" hits="0" branch="false"/><line number="134" hits="0" branch="true" condition-coverage="0% (0/2)"><conditions><condition number="0" type="jump" coverage="0%"/></conditions></line><line number="135" hits="0" branch="false"/><line number="137" hits="0" branch="false"/><line number="138" hits="0" branch="true" condition-coverage="0% (0/2)"><conditions><condition number="0" type="jump" coverage="0%"/></conditions></line><line number="139" hits="0" branch="false"/><line number="142" hits="0" branch="false"/></lines></method><method name="extract_session_token" signature="" line-rate="0.8181818181818182" branch-rate="0.7" complexity="0.0"><lines><line number="149" hits="53" branch="false"/><line number="152" hits="53" branch="true" condition-coverage="50% (1/2)"><conditions><condition number="0" type="jump" coverage="50%"/></conditions></line><line number="153" hits="0" branch="false"/><line number="155" hits="57" branch="true" condition-coverage="100% (2/2)"><conditions><condition number="0" type="jump" coverage="100%"/></conditions></line><line number="156" hits="48" branch="false"/><line number="158" hits="48" branch="true" condition-coverage="50% (2/4)"><conditions><condition number="0" type="jump" coverage="50%"/></conditions></line><line number="159" hits="0" branch="false"/><line number="161" hits="48" branch="true" condition-coverage="100% (2/2)"><conditions><condition number="0" type="jump" coverage="100%"/></conditions></line><line number="162" hits="4" branch="false"/><line number="164" hits="44" branch="false"/><line number="166" hits="9" branch="false"/></lines></method><method name="dash_settings_set" signature="" line-rate="0.0" branch-rate="0.0" complexity="0.0"><lines><line number="173" hits="0" branch="false"/><line number="178" hits="0" branch="false"/><line number="180" hits="0" branch="true" condition-coverage="0% (0/2)"><conditions><condition number="0" type="jump" coverage="0%"/></conditions></line><line number="181" hits="0" branch="false"/><line number="183" hits="0" branch="false"/><line number="185" hits="0" branch="true" condition-coverage="0% (0/2)"><conditions><condition number="0" type="jump" coverage="0%"/></conditions></line><line number="186" hits="0" branch="false"/><line number="187" hits="0" branch="false"/><line number="188" hits="0" branch="true" condition-coverage="0% (0/2)"><conditions><condition number="0" type="jump" coverage="0%"/></conditions></line><line number="189" hits="0" branch="false"/><line number="190" hits="0" branch="false"/><line number="191" hits="0" branch="true" condition-coverage="0% (0/2)"><conditions><condition number="0" type="jump" coverage="0%"/></conditions></line><line number="192" hits="0" branch="false"/><line number="193" hits="0" branch="false"/><line number="195" hits="0" branch="false"/></lines></method><method name="auth_settings_load" signature="" line-rate="1.0" branch-rate="1.0" complexity="0.0"><lines><line number="201" hits="68" branch="false"/><line number="203" hits="68" branch="false"/></lines></method><method name="auth_init" signature="" line-rate="0.8571428571428571" branch-rate="0.5" complexity="0.0"><lines><line number="212" hits="68" branch="false"/><line number="215" hits="68" branch="true" condition-coverage="50% (1/2)"><conditions><condition number="0" type="jump" coverage="50%"/></conditions></line><line number="216" hits="68" branch="false"/><line number="217" hits="68" branch="false"/><line number="218" hits="68" branch="false"/><line number="219" hits="68" branch="false"/><line number="221" hits="68" branch="true" condition-coverage="50% (1/2)"><conditions><condition number="0" type="jump" coverage="50%"/></conditions></line><line number="222" hits="68" branch="false"/><line number="223" hits="68" branch="false"/><line number="224" hits="68" branch="false"/><line number="225" hits="68" branch="false"/><line number="229" hits="68" branch="true" condition-coverage="50% (1/2)"><conditions><condition number="0" type="jump" coverage="50%"/></conditions></line><line number="230" hits="68" branch="false"/><line number="232" hits="68" branch="true" condition-coverage="50% (1/2)"><conditions><condition number="0" type="jump" coverage="50%"/></conditions></line><line number="233" hits="0" branch="false"/><line number="234" hits="0" branch="false"/><line number="236" hits="68" branch="false"/><line number="237" hits="68" branch="false"/><line number="240" hits="0" branch="false"/><line number="244" hits="68" branch="false"/><line number="245" hits="68" branch="false"/></lines></method><method name="auth_session_check" signature="" line-rate="1.0" branch-rate="1.0" complexity="0.0"><lines><line number="252" hits="52" branch="false"/><line number="256" hits="52" branch="true" condition-coverage="100% (2/2)"><conditions><condition number="0" type="jump" coverage="100%"/></conditions></line><line number="257" hits="9" branch="false"/><line number="258" hits="9" branch="false"/><line number="261" hits="43" branch="false"/><line number="262" hits="43" branch="false"/><line number="264" hits="48" branch="true" condition-coverage="100% (2/2)"><conditions><condition number="0" type="jump" coverage="100%"/></conditions></line><line number="265" hits="47" branch="true" condition-coverage="100% (2/2)"><conditions><condition number="0" type="jump" coverage="100%"/></conditions></line><line number="266" hits="4" branch="false"/><line number="268" hits="43" branch="true" condition-coverage="100% (2/2)"><conditions><condition number="0" type="jump" coverage="100%"/></conditions></line><line number="269" hits="42" branch="false"/><line number="270" hits="42" branch="false"/><line number="271" hits="42" branch="false"/><line number="274" hits="1" branch="false"/><line number="275" hits="1" branch="false"/><line number="276" hits="1" branch="false"/></lines></method><method name="auth_login" signature="" line-rate="0.9090909090909091" branch-rate="0.5909090909090909" complexity="0.0"><lines><line number="279" hits="32" branch="false"/><line number="281" hits="32" branch="true" condition-coverage="50% (4/8)"><conditions><condition number="0" type="jump" coverage="50%"/></conditions></line><line number="282" hits="0" branch="false"/><line number="286" hits="32" branch="false"/><line number="287" hits="32" branch="false"/><line number="288" hits="32" branch="false"/><line number="290" hits="32" branch="false"/><line number="292" hits="32" branch="true" condition-coverage="75% (3/4)"><conditions><condition number="0" type="jump" coverage="75%"/></conditions></line><line number="293" hits="2" branch="false"/><line number="294" hits="2" branch="false"/><line number="299" hits="30" branch="false"/><line number="301" hits="30" branch="true" condition-coverage="50% (1/2)"><conditions><condition number="0" type="jump" coverage="50%"/></conditions></line><line number="302" hits="0" branch="false"/><line number="306" hits="30" branch="false"/><line number="307" hits="30" branch="false"/><line number="308" hits="30" branch="false"/><line number="309" hits="30" branch="false"/><line number="311" hits="31" branch="true" condition-coverage="50% (1/2)"><conditions><condition number="0" type="jump" coverage="50%"/></conditions></line><line number="312" hits="31" branch="true" condition-coverage="100% (2/2)"><conditions><condition number="0" type="jump" coverage="100%"/></conditions></line><line number="313" hits="30" branch="false"/><line number="314" hits="30" branch="false"/><line number="316" hits="1" branch="true" condition-coverage="50% (1/2)"><conditions><condition number="0" type="jump" coverage="50%"/></conditions></line><line number="317" hits="1" branch="false"/><line number="318" hits="1" branch="false"/><line number="321" hits="30" branch="true" condition-coverage="50% (1/2)"><conditions><condition number="0" type="jump" coverage="50%"/></conditions></line><line number="322" hits="0" branch="false"/><line number="324" hits="30" branch="false"/><line number="325" hits="30" branch="false"/><line number="326" hits="30" branch="false"/><line number="327" hits="30" branch="false"/><line number="329" hits="30" branch="false"/><line number="330" hits="30" branch="false"/><line number="331" hits="30" branch="false"/></lines></method><method name="auth_logout" signature="" line-rate="0.8571428571428571" branch-rate="0.5" complexity="0.0"><lines><line number="334" hits="1" branch="false"/><line number="338" hits="1" branch="true" condition-coverage="50% (1/2)"><conditions><condition number="0" type="jump" coverage="50%"/></conditions></line><line number="339" hits="0" branch="false"/><line number="341" hits="1" branch="false"/><line number="342" hits="1" branch="false"/><line number="344" hits="1" branch="true" condition-coverage="50% (1/2)"><conditions><condition number="0" type="jump" coverage="50%"/></conditions></line><line number="345" hits="1" branch="true" condition-coverage="50% (1/2)"><conditions><condition number="0" type="jump" coverage="50%"/></conditions></line><line number="346" hits="0" branch="false"/><line number="348" hits="1" branch="true" condition-coverage="50% (1/2)"><conditions><condition number="0" type="jump" coverage="50%"/></conditions></line><line number="349" hits="1" branch="false"/><line number="350" hits="1" branch="false"/><line number="351" hits="1" branch="false"/><line number="352" hits="1" branch="false"/><line number="355" hits="1" branch="false"/></lines></method><method name="auth_api_check" signature="" line-rate="0.9583333333333334" branch-rate="0.6875" complexity="0.0"><lines><line number="362" hits="49" branch="false"/><line number="365" hits="49" branch="true" condition-coverage="100% (2/2)"><conditions><condition number="0" type="jump" coverage="100%"/></conditions></line><line number="366" hits="41" branch="false"/><line number="370" hits="8" branch="true" condition-coverage="50% (1/2)"><conditions><condition number="0" type="jump" coverage="50%"/></conditions></line><line number="371" hits="0" branch="false"/><line number="375" hits="9" branch="true" condition-coverage="100% (2/2)"><conditions><condition number="0" type="jump" coverage="100%"/></conditions></line><line number="376" hits="5" branch="false"/><line number="378" hits="5" branch="true" condition-coverage="50% (2/4)"><conditions><condition number="0" type="jump" coverage="50%"/></conditions></line><line number="379" hits="1" branch="false"/><line number="381" hits="5" branch="true" condition-coverage="100% (2/2)"><conditions><condition number="0" type="jump" coverage="100%"/></conditions></line><line number="382" hits="1" branch="false"/><line number="384" hits="4" branch="false"/><line number="385" hits="4" branch="false"/><line number="387" hits="4" branch="true" condition-coverage="50% (1/2)"><conditions><condition number="0" type="jump" coverage="50%"/></conditions></line><line number="388" hits="4" branch="true" condition-coverage="50% (1/2)"><conditions><condition number="0" type="jump" coverage="50%"/></conditions></line><line number="389" hits="4" branch="false"/><line number="391" hits="4" branch="false"/><line number="392" hits="4" branch="false"/><line number="394" hits="4" branch="false"/><line number="395" hits="4" branch="false"/><line number="397" hits="4" branch="false"/><line number="398" hits="4" branch="false"/><line number="399" hits="4" branch="false"/><line number="401" hits="4" branch="false"/></lines></method><method name="auth_change_credentials" signature="" line-rate="0.8636363636363636" branch-rate="0.55" complexity="0.0"><lines><line number="410" hits="3" branch="false"/><line number="413" hits="3" branch="true" condition-coverage="50% (4/8)"><conditions><condition number="0" type="jump" coverage="50%"/></conditions></line><line number="414" hits="0" branch="false"/><line number="416" hits="3" branch="true" condition-coverage="50% (2/4)"><conditions><condition number="0" type="jump" coverage="50%"/></conditions></line><line number="417" hits="0" branch="false"/><line number="419" hits="3" branch="true" condition-coverage="50% (2/4)"><conditions><condition number="0" type="jump" coverage="50%"/></conditions></line><line number="420" hits="0" branch="false"/><line number="423" hits="3" branch="false"/><line number="424" hits="3" branch="false"/><line number="425" hits="3" branch="false"/><line number="427" hits="3" branch="true" condition-coverage="75% (3/4)"><conditions><condition number="0" type="jump" coverage="75%"/></conditions></line><line number="428" hits="1" branch="false"/><line number="429" hits="1" branch="false"/><line number="431" hits="2" branch="false"/><line number="432" hits="2" branch="false"/><line number="433" hits="2" branch="false"/><line number="434" hits="2" branch="false"/><line number="435" hits="2" branch="false"/><line number="437" hits="2" branch="false"/><line number="438" hits="2" branch="false"/><line number="439" hits="2" branch="false"/><line number="440" hits="2" branch="false"/></lines></method><method name="auth_username_copy" signature="" line-rate="0.0" branch-rate="0.0" complexity="0.0"><lines><line number="443" hits="0" branch="false"/><line number="445" hits="0" branch="true" condition-coverage="0% (0/4)"><conditions><condition number="0" type="jump" coverage="0%"/></conditions></line><line number="446" hits="0" branch="false"/><line number="448" hits="0" branch="false"/><line number="450" hits="0" branch="false"/><line number="451" hits="0" branch="false"/><line number="452" hits="0" branch="false"/></lines></method><method name="auth_token_rotate" signature="" line-rate="0.9" branch-rate="0.5" complexity="0.0"><lines><line number="459" hits="1" branch="false"/><line number="462" hits="1" branch="false"/><line number="464" hits="1" branch="true" condition-coverage="50% (1/2)"><conditions><condition number="0" type="jump" coverage="50%"/></conditions></line><line number="465" hits="0" branch="false"/><line number="467" hits="1" branch="false"/><line number="469" hits="1" branch="false"/><line number="470" hits="1" branch="false"/><line number="471" hits="1" branch="false"/><line number="472" hits="1" branch="false"/><line number="473" hits="1" branch="false"/></lines></method><method name="auth_token_copy" signature="" line-rate="0.8571428571428571" branch-rate="0.5" complexity="0.0"><lines><line number="476" hits="11" branch="false"/><line number="478" hits="11" branch="true" condition-coverage="50% (2/4)"><conditions><condition number="0" type="jump" coverage="50%"/></conditions></line><line number="479" hits="0" branch="false"/><line number="481" hits="11" branch="false"/><line number="483" hits="11" branch="false"/><line number="484" hits="11" branch="false"/><line number="485" hits="11" branch="false"/></lines></method></methods><lines><line number="64" hits="118" branch="false"/><line number="66" hits="118" branch="false"/><line number="67" hits="118" branch="true" condition-coverage="100% (2/2)"><conditions><condition number="0" type="jump" coverage="100%"/></conditions></line><line number="69" hits="2018" branch="true" condition-coverage="100% (2/2)"><conditions><condition number="0" type="jump" coverage="100%"/></conditions></line><line number="70" hits="1900" branch="true" condition-coverage="100% (2/2)"><conditions><condition number="0" type="jump" coverage="100%"/></conditions></line><line number="71" hits="1900" branch="true" condition-coverage="100% (2/2)"><conditions><condition number="0" type="jump" coverage="100%"/></conditions></line><line number="73" hits="1900" branch="false"/><line number="75" hits="118" branch="false"/><line number="79" hits="99" branch="false"/><line number="82" hits="99" branch="false"/><line number="84" hits="99" branch="true" condition-coverage="50% (1/2)"><conditions><condition number="0" type="jump" coverage="50%"/></conditions></line><line number="85" hits="0" branch="false"/><line number="87" hits="99" branch="false"/><line number="89" hits="99" branch="true" condition-coverage="50% (1/2)"><conditions><condition number="0" type="jump" coverage="50%"/></conditions></line><line number="90" hits="0" branch="false"/><line number="92" hits="99" branch="false"/><line number="101" hits="44" branch="false"/><line number="103" hits="44" branch="true" condition-coverage="50% (4/8)"><conditions><condition number="0" type="jump" coverage="50%"/></conditions></line><line number="104" hits="0" branch="false"/><line number="106" hits="44" branch="false"/><line number="107" hits="44" branch="false"/><line number="109" hits="44" branch="true" condition-coverage="50% (1/2)"><conditions><condition number="0" type="jump" coverage="50%"/></conditions></line><line number="111" hits="44" branch="true" condition-coverage="50% (1/2)"><conditions><condition number="0" type="jump" coverage="50%"/></conditions></line><line number="112" hits="0" branch="false"/><line number="115" hits="44" branch="true" condition-coverage="50% (2/4)"><conditions><condition number="0" type="jump" coverage="50%"/></conditions></line><line number="116" hits="44" branch="false"/><line number="117" hits="44" branch="false"/><line number="119" hits="44" branch="true" condition-coverage="50% (1/2)"><conditions><condition number="0" type="jump" coverage="50%"/></conditions></line><line number="120" hits="44" branch="false"/><line number="122" hits="44" branch="false"/><line number="124" hits="44" branch="true" condition-coverage="50% (1/2)"><conditions><condition number="0" type="jump" coverage="50%"/></conditions></line><line number="125" hits="0" branch="false"/><line number="127" hits="44" branch="false"/><line number="128" hits="44" branch="false"/><line number="129" hits="44" branch="false"/><line number="132" hits="0" branch="false"/><line number="134" hits="0" branch="true" condition-coverage="0% (0/2)"><conditions><condition number="0" type="jump" coverage="0%"/></conditions></line><line number="135" hits="0" branch="false"/><line number="137" hits="0" branch="false"/><line number="138" hits="0" branch="true" condition-coverage="0% (0/2)"><conditions><condition number="0" type="jump" coverage="0%"/></conditions></line><line number="139" hits="0" branch="false"/><line number="142" hits="0" branch="false"/><line number="149" hits="53" branch="false"/><line number="152" hits="53" branch="true" condition-coverage="50% (1/2)"><conditions><condition number="0" type="jump" coverage="50%"/></conditions></line><line number="153" hits="0" branch="false"/><line number="155" hits="57" branch="true" condition-coverage="100% (2/2)"><conditions><condition number="0" type="jump" coverage="100%"/></conditions></line><line number="156" hits="48" branch="false"/><line number="158" hits="48" branch="true" condition-coverage="50% (2/4)"><conditions><condition number="0" type="jump" coverage="50%"/></conditions></line><line number="159" hits="0" branch="false"/><line number="161" h
[...]
0" complexity="0.0"><lines><line number="34" hits="0" branch="false"/><line number="36" hits="0" branch="false"/></lines></method><method name="sntp_sync_get_epoch_ms" signature="" line-rate="0.0" branch-rate="1.0" complexity="0.0"><lines><line number="39" hits="0" branch="false"/><line number="43" hits="0" branch="false"/><line number="44" hits="0" branch="false"/></lines></method><method name="do_sntp_sync" signature="" line-rate="0.8666666666666667" branch-rate="0.75" complexity="0.0"><lines><line number="51" hits="70" branch="false"/><line number="56" hits="70" branch="false"/><line number="57" hits="66" branch="true" condition-coverage="100% (2/2)"><conditions><condition number="0" type="jump" coverage="100%"/></conditions></line><line number="58" hits="1" branch="false"/><line number="60" hits="1" branch="false"/><line number="63" hits="65" branch="false"/><line number="64" hits="65" branch="false"/><line number="65" hits="65" branch="false"/><line number="68" hits="65" branch="false"/><line number="69" hits="65" branch="true" condition-coverage="50% (1/2)"><conditions><condition number="0" type="jump" coverage="50%"/></conditions></line><line number="70" hits="0" branch="false"/><line number="71" hits="0" branch="false"/><line number="74" hits="65" branch="false"/><line number="75" hits="65" branch="false"/><line number="77" hits="65" branch="false"/></lines></method><method name="sntp_thread_fn" signature="" line-rate="1.0" branch-rate="1.0" complexity="0.0"><lines><line number="87" hits="69" branch="false"/><line number="94" hits="69" branch="false"/><line number="96" hits="1" branch="false"/><line number="101" hits="66" branch="false"/><line number="107" hits="1" branch="false"/><line number="113" hits="1" branch="false"/><line number="114" hits="1" branch="false"/></lines></method><method name="sntp_sync_trigger_resync" signature="" line-rate="1.0" branch-rate="1.0" complexity="0.0"><lines><line number="125" hits="1" branch="false"/><line number="127" hits="1" branch="false"/><line number="128" hits="1" branch="false"/><line number="129" hits="1" branch="false"/></lines></method></methods><lines><line number="34" hits="0" branch="false"/><line number="36" hits="0" branch="false"/><line number="39" hits="0" branch="false"/><line number="43" hits="0" branch="false"/><line number="44" hits="0" branch="false"/><line number="51" hits="70" branch="false"/><line number="56" hits="70" branch="false"/><line number="57" hits="66" branch="true" condition-coverage="100% (2/2)"><conditions><condition number="0" type="jump" coverage="100%"/></conditions></line><line number="58" hits="1" branch="false"/><line number="60" hits="1" branch="false"/><line number="63" hits="65" branch="false"/><line number="64" hits="65" branch="false"/><line number="65" hits="65" branch="false"/><line number="68" hits="65" branch="false"/><line number="69" hits="65" branch="true" condition-coverage="50% (1/2)"><conditions><condition number="0" type="jump" coverage="50%"/></conditions></line><line number="70" hits="0" branch="false"/><line number="71" hits="0" branch="false"/><line number="74" hits="65" branch="false"/><line number="75" hits="65" branch="false"/><line number="77" hits="65" branch="false"/><line number="87" hits="69" branch="false"/><line number="94" hits="69" branch="false"/><line number="96" hits="1" branch="false"/><line number="101" hits="66" branch="false"/><line number="107" hits="1" branch="false"/><line number="113" hits="1" branch="false"/><line number="114" hits="1" branch="false"/><line number="125" hits="1" branch="false"/><line number="127" hits="1" branch="false"/><line number="128" hits="1" branch="false"/><line number="129" hits="1" branch="false"/></lines></class><class name="sntp_sync_config_cmd_c" filename="weather-station/lib/sntp_sync/src/sntp_sync_config_cmd.c" line-rate="0.8461538461538461" branch-rate="0.75" complexity="0.0"><methods><method name="config_cmd_cb" signature="" line-rate="1.0" branch-rate="1.0" complexity="0.0"><lines><line number="19" hits="34" branch="false"/><line number="21" hits="34" branch="false"/><line number="23" hits="34" branch="true" condition-coverage="100% (2/2)"><conditions><condition number="0" type="jump" coverage="100%"/></conditions></line><line number="24" hits="1" branch="false"/><line number="25" hits="1" branch="false"/><line number="27" hits="34" branch="false"/></lines></method><method name="sntp_sync_config_cmd_init" signature="" line-rate="0.7142857142857143" branch-rate="0.5" complexity="0.0"><lines><line number="31" hits="69" branch="false"/><line number="33" hits="69" branch="false"/><line number="35" hits="69" branch="true" condition-coverage="50% (1/2)"><conditions><condition number="0" type="jump" coverage="50%"/></conditions></line><line number="36" hits="0" branch="false"/><line number="37" hits="0" branch="false"/><line number="39" hits="69" branch="false"/><line number="40" hits="69" branch="false"/></lines></method></methods><lines><line number="19" hits="34" branch="false"/><line number="21" hits="34" branch="false"/><line number="23" hits="34" branch="true" condition-coverage="100% (2/2)"><conditions><condition number="0" type="jump" coverage="100%"/></conditions></line><line number="24" hits="1" branch="false"/><line number="25" hits="1" branch="false"/><line number="27" hits="34" branch="false"/><line number="31" hits="69" branch="false"/><line number="33" hits="69" branch="false"/><line number="35" hits="69" branch="true" condition-coverage="50% (1/2)"><conditions><condition number="0" type="jump" coverage="50%"/></conditions></line><line number="36" hits="0" branch="false"/><line number="37" hits="0" branch="false"/><line number="39" hits="69" branch="false"/><line number="40" hits="69" branch="false"/></lines></class></classes></package><package name="weather-station.lib.trace_recorder.src" line-rate="0.8064516129032258" branch-rate="0.7307692307692307" complexity="0.0"><classes><class name="trace_recorder_c" filename="weather-station/lib/trace_recorder/src/trace_recorder.c" line-rate="0.8064516129032258" branch-rate="0.7307692307692307" complexity="0.0"><methods><method name="trace_write_record" signature="" line-rate="1.0" branch-rate="1.0" complexity="0.0"><lines><line number="48" hits="138" branch="false"/><line number="50" hits="138" branch="false"/><line number="52" hits="138" branch="false"/><line number="53" hits="138" branch="false"/><line number="54" hits="138" branch="false"/><line number="55" hits="138" branch="false"/><line number="56" hits="138" branch="false"/><line number="58" hits="138" branch="false"/><line number="59" hits="138" branch="true" condition-coverage="100% (2/2)"><conditions><condition number="0" type="jump" coverage="100%"/></conditions></line><line number="60" hits="8" branch="false"/><line number="61" hits="8" branch="false"/><line number="64" hits="138" branch="false"/><line number="65" hits="138" branch="false"/></lines></method><method name="trace_thread_id" signature="" line-rate="1.0" branch-rate="1.0" complexity="0.0"><lines><line number="69" hits="130" branch="false"/><line number="71" hits="130" branch="true" condition-coverage="100% (2/2)"><conditions><condition number="0" type="jump" coverage="100%"/></conditions></line><line number="72" hits="102" branch="false"/><line number="75" hits="28" branch="false"/></lines></method><method name="sys_trace_thread_create_user" signature="" line-rate="1.0" branch-rate="0.8333333333333334" complexity="0.0"><lines><line number="80" hits="16" branch="false"/><line number="82" hits="16" branch="true" condition-coverage="100% (2/2)"><conditions><condition number="0" type="jump" coverage="100%"/></conditions></line><line number="83" hits="4" branch="false"/><line number="86" hits="12" branch="false"/><line number="88" hits="12" branch="true" condition-coverage="100% (2/2)"><conditions><condition number="0" type="jump" coverage="100%"/></conditions></line><line number="89" hits="10" branch="false"/><line number="91" hits="10" branch="false"/><line number="94" hits="2" branch="false"/><line number="96" hits="2" branch="false"/><line number="97" hits="2" branch="true" condition-coverage="50% (1/2)"><conditions><condition number="0" type="jump" coverage="50%"/></conditions></line><line number="98" hits="2" branch="false"/><line number="99" hits="2" branch="false"/><line number="102" hits="2" branch="false"/></lines></method><method name="sys_trace_thread_switched_in_user" signature="" line-rate="1.0" branch-rate="1.0" complexity="0.0"><lines><line number="105" hits="68" branch="false"/><line number="107" hits="68" branch="true" condition-coverage="100% (2/2)"><conditions><condition number="0" type="jump" coverage="100%"/></conditions></line><line number="108" hits="2" branch="false"/><line number="111" hits="66" branch="false"/><line number="112" hits="66" branch="false"/><line number="113" hits="66" branch="false"/><line number="115" hits="66" branch="false"/></lines></method><method name="sys_trace_thread_switched_out_user" signature="" line-rate="1.0" branch-rate="1.0" complexity="0.0"><lines><line number="118" hits="66" branch="false"/><line number="120" hits="66" branch="true" condition-coverage="100% (2/2)"><conditions><condition number="0" type="jump" coverage="100%"/></conditions></line><line number="121" hits="2" branch="false"/><line number="124" hits="64" branch="false"/><line number="125" hits="64" branch="false"/><line number="127" hits="64" branch="false"/></lines></method><method name="sys_trace_isr_enter_user" signature="" line-rate="0.75" branch-rate="0.5" complexity="0.0"><lines><line number="130" hits="2" branch="false"/><line number="132" hits="2" branch="true" condition-coverage="50% (1/2)"><conditions><condition number="0" type="jump" coverage="50%"/></conditions></line><line number="133" hits="0" branch="false"/><line number="135" hits="2" branch="false"/></lines></method><method name="sys_trace_isr_exit_user" signature="" line-rate="0.75" branch-rate="0.5" complexity="0.0"><lines><line number="138" hits="2" branch="false"/><line number="140" hits="2" branch="true" condition-coverage="50% (1/2)"><conditions><condition number="0" type="jump" coverage="50%"/></conditions></line><line number="141" hits="0" branch="false"/><line number="143" hits="2" branch="false"/></lines></method><method name="sys_trace_idle_user" signature="" line-rate="0.75" branch-rate="0.5" complexity="0.0"><lines><line number="146" hits="2" branch="false"/><line number="148" hits="2" branch="true" condition-coverage="50% (1/2)"><conditions><condition number="0" type="jump" coverage="50%"/></conditions></line><line number="149" hits="0" branch="false"/><line number="151" hits="2" branch="false"/></lines></method><method name="sys_trace_thread_abort_user" signature="" line-rate="0.0" branch-rate="1.0" complexity="0.0"><lines><line number="158" hits="0" branch="false"/><line number="161" hits="0" branch="false"/></lines></method><method name="sys_trace_thread_suspend_user" signature="" line-rate="0.0" branch-rate="1.0" complexity="0.0"><lines><line number="162" hits="0" branch="false"/><line number="165" hits="0" branch="false"/></lines></method><method name="sys_trace_thread_resume_user" signature="" line-rate="0.0" branch-rate="1.0" complexity="0.0"><lines><line number="166" hits="0" branch="false"/><line number="169" hits="0" branch="false"/></lines></method><method name="sys_trace_thread_name_set_user" signature="" line-rate="1.0" branch-rate="1.0" complexity="0.0"><lines><line number="170" hits="12" branch="false"/><line number="173" hits="12" branch="false"/></lines></method><method name="sys_trace_thread_info_user" signature="" line-rate="0.0" branch-rate="1.0" complexity="0.0"><lines><line number="174" hits="0" branch="false"/><line number="177" hits="0" branch="false"/></lines></method><method name="sys_trace_thread_priority_set_user" signature="" line-rate="0.0" branch-rate="1.0" complexity="0.0"><lines><line number="178" hits="0" branch="false"/><line number="182" hits="0" branch="false"/></lines></method><method name="sys_trace_thread_sched_ready_user" signature="" line-rate="1.0" branch-rate="1.0" complexity="0.0"><lines><line number="183" hits="14" branch="false"/><line number="186" hits="14" branch="false"/></lines></method><method name="sys_trace_thread_pend_user" signature="" line-rate="0.0" branch-rate="1.0" complexity="0.0"><lines><line number="187" hits="0" branch="false"/><line number="190" hits="0" branch="false"/></lines></method><method name="sys_trace_sys_init_enter_user" signature="" line-rate="1.0" branch-rate="1.0" complexity="0.0"><lines><line number="191" hits="9" branch="false"/><line number="195" hits="9" branch="false"/></lines></method><method name="sys_trace_sys_init_exit_user" signature="" line-rate="1.0" branch-rate="1.0" complexity="0.0"><lines><line number="196" hits="9" branch="false"/><line number="201" hits="9" branch="false"/></lines></method><method name="assign_existing_thread" signature="" line-rate="0.7692307692307693" branch-rate="0.5" complexity="0.0"><lines><line number="205" hits="4" branch="false"/><line number="208" hits="4" branch="false"/><line number="210" hits="4" branch="true" condition-coverage="50% (1/2)"><conditions><condition number="0" type="jump" coverage="50%"/></conditions></line><line number="211" hits="0" branch="false"/><line number="214" hits="4" branch="false"/><line number="216" hits="4" branch="true" condition-coverage="50% (1/2)"><conditions><condition number="0" type="jump" coverage="50%"/></conditions></line><line number="217" hits="0" branch="false"/><line number="218" hits="0" branch="false"/><line number="224" hits="4" branch="false"/><line number="226" hits="4" branch="false"/><line number="227" hits="4" branch="true" condition-coverage="50% (1/2)"><conditions><condition number="0" type="jump" coverage="50%"/></conditions></line><line number="228" hits="4" branch="false"/><line number="229" hits="4" branch="false"/></lines></method><method name="trace_recorder_init" signature="" line-rate="1.0" branch-rate="1.0" complexity="0.0"><lines><line number="233" hits="2" branch="false"/><line number="235" hits="2" branch="false"/><line number="236" hits="2" branch="false"/><line number="237" hits="2" branch="false"/><line number="239" hits="2" branch="false"/></lines></method></methods><lines><line number="48" hits="138" branch="false"/><line number="50" hits="138" branch="false"/><line number="52" hits="138" branch="false"/><line number="53" hits="138" branch="false"/><line number="54" hits="138" branch="false"/><line number="55" hits="138" branch="false"/><line number="56" hits="138" branch="false"/><line number="58" hits="138" branch="false"/><line number="59" hits="138" branch="true" condition-coverage="100% (2/2)"><conditions><condition number="0" type="jump" coverage="100%"/></conditions></line><line number="60" hits="8" branch="false"/><line number="61" hits="8" branch="false"/><line number="64" hits="138" branch="false"/><line number="65" hits="138" branch="false"/><line number="69" hits="130" branch="false"/><line number="71" hits="130" branch="true" condition-coverage="100% (2/2)"><conditions><condition number="0" type="jump" coverage="100%"/></conditions></line><line number="72" hits="102" branch="false"/><line number="75" hits="28" branch="false"/><line number="80" hits="16" branch="false"/><line number="82" hits="16" branch="true" condition-coverage="100% (2/2)"><conditions><condition number="0" type="jump" coverage="100%"/></conditions></line><line number="83" hits="4" branch="false"/><line number="86" hits="12" branch="false"/><line number="88" hits="12" branch="true" condition-coverage="100% (2/2)"><conditions><condition number="0" type="jump" coverage="100%"/></conditions></line><line number="89" hits="10" branch="false"/><line number="91" hits="10" branch="false"/><line number="94" hits="2" branch="false"/><line number="96" hits="2" branch="false"/><line number="97" hits="2" branch="true" condition-coverage="50% (1/2)"><conditions><condition number="0" type="jump" coverage="50%"/></conditions></line><line number="98" hits="2" branch="false"/><line number="99" hits="2" branch="false"/><line number="102" hits="2" branch="false"/><line number="105" hits="68" branch="false"/><line number="107" hits="68" branch="true" condition-coverage="100% (2/2)"><conditions><condition number="0" type="jump" coverage="100%"/></conditions></line><line number="108" hits="2" branch="false"/><line number="111" hits="66" branch="false"/><line number="112" hits="66" branch="false"/><line number="113" hits="66" branch="false"/><line number="115" hits="66" branch="false"/><line number="118" hits="66" branch="false"/><line number="120" hits="66" branch="true" condition-coverage="100% (2/2)"><conditions><condition number="0" type="jump" coverage="100%"/></conditions></line><line number="121" hits="2" branch="false"/><line number="124" hits="64" branch="false"/><line number="125" hits="64" branch="false"/><line number="127" hits="64" branch="false"/><line number="130" hits="2" branch="false"/><line number="132" hits="2" branch="true" condition-coverage="50% (1/2)"><conditions><condition number="0" type="jump" coverage="50%"/></conditions></line><line number="133" hits="0" branch="false"/><line number="135" hits="2" branch="false"/><line number="138" hits="2" branch="false"/><line number="140" hits="2" branch="true" condition-coverage="50% (1/2)"><conditions><condition number="0" type="jump" coverage="50%"/></conditions></line><line number="141" hits="0" branch="false"/><line number="143" hits="2" branch="false"/><line number="146" hits="2" branch="false"/><line number="148" hits="2" branch="true" condition-coverage="50% (1/2)"><conditions><condition number="0" type="jump" coverage="50%"/></conditions></line><line number="149" hits="0" branch="false"/><line number="151" hits="2" branch="false"/><line number="158" hits="0" branch="false"/><line number="161" hits="0" branch="false"/><line number="162" hits="0" branch="false"/><line number="165" hits="0" branch="false"/><line number="166" hits="0" branch="false"/><line number="169" hits="0" branch="false"/><line number="170" hits="12" branch="false"/><line number="173" hits="12" branch="false"/><line number="174" hits="0" branch="false"/><line number="177" hits="0" branch="false"/><line number="178" hits="0" branch="false"/><line number="182" hits="0" branch="false"/><line number="183" hits="14" branch="false"/><line number="186" hits="14" branch="false"/><line number="187" hits="0" branch="false"/><line number="190" hits="0" branch="false"/><line number="191" hits="9" branch="false"/><line number="195" hits="9" branch="false"/><line number="196" hits="9" branch="false"/><line number="201" hits="9" branch="false"/><line number="205" hits="4" branch="false"/><line number="208" hits="4" branch="false"/><line number="210" hits="4" branch="true" condition-coverage="50% (1/2)"><conditions><condition number="0" type="jump" coverage="50%"/></conditions></line><line number="211" hits="0" branch="false"/><line number="214" hits="4" branch="false"/><line number="216" hits="4" branch="true" condition-coverage="50% (1/2)"><conditions><condition number="0" type="jump" coverage="50%"/></conditions></line><line number="217" hits="0" branch="false"/><line number="218" hits="0" branch="false"/><line number="224" hits="4" branch="false"/><line number="226" hits="4" branch="false"/><line number="227" hits="4" branch="true" condition-coverage="50% (1/2)"><conditions><condition number="0" type="jump" coverage="50%"/></conditions></line><line number="228" hits="4" branch="false"/><line number="229" hits="4" branch="false"/><line number="233" hits="2" branch="false"/><line number="235" hits="2" branch="false"/><line number="236" hits="2" branch="false"/><line number="237" hits="2" branch="false"/><line number="239" hits="2" branch="false"/></lines></class></classes></package></packages></coverage>