<?xml version="1.0" encoding="utf-8"?><testsuites name="pytest tests"><testsuite name="pytest" errors="0" failures="0" skipped="18" tests="65" time="52.143" timestamp="2026-05-22T17:40:54.662022+00:00" hostname="19e8b1846ed6"><testcase classname="tests.integration.pytest.test_config" name="test_set_trigger_interval_via_http" time="1.444" /><testcase classname="tests.integration.pytest.test_config" name="test_trigger_interval_bounds_accepted" time="3.495" /><testcase classname="tests.integration.pytest.test_config" name="test_sntp_resync_accepted" time="2.096" /><testcase classname="tests.integration.pytest.test_http_api" name="test_login_page_is_public" time="0.313" /><testcase classname="tests.integration.pytest.test_http_api" name="test_unauthenticated_page_redirects" time="0.382" /><testcase classname="tests.integration.pytest.test_http_api" name="test_unauthenticated_api_returns_401" time="0.370" /><testcase classname="tests.integration.pytest.test_http_api" name="test_login_bad_credentials" time="0.425" /><testcase classname="tests.integration.pytest.test_http_api" name="test_login_success_sets_cookie" time="0.432" /><testcase classname="tests.integration.pytest.test_http_api" name="test_post_config_without_auth_returns_401" time="1.397" /><testcase classname="tests.integration.pytest.test_http_api" name="test_post_config_with_wrong_bearer_token_returns_401" time="1.388" /><testcase classname="tests.integration.pytest.test_http_api" name="test_logout_invalidates_session" time="1.166" /><testcase classname="tests.integration.pytest.test_http_api" name="test_change_credentials_wrong_old_pass" time="1.048" /><testcase classname="tests.integration.pytest.test_http_api" name="test_change_credentials_success" time="2.453" /><testcase classname="tests.integration.pytest.test_http_api" name="test_bearer_token_accesses_api" time="0.311" /><testcase classname="tests.integration.pytest.test_http_api" name="test_api_token_rotate" time="6.581" /><testcase classname="tests.integration.pytest.test_http_api" name="test_dashboard_page_reachable" time="0.393" /><testcase classname="tests.integration.pytest.test_http_api" name="test_api_data_endpoint_returns_json" time="0.394" /><testcase classname="tests.integration.pytest.test_http_api" name="test_api_data_has_sensor_entries" time="0.402" /><testcase classname="tests.integration.pytest.test_http_api" name="test_api_data_sensor_schema" time="0.402" /><testcase classname="tests.integration.pytest.test_http_api" name="test_api_data_reading_schema" time="0.402" /><testcase classname="tests.integration.pytest.test_http_api" name="test_api_data_has_all_sensor_uids" time="0.402" /><testcase classname="tests.integration.pytest.test_http_api" name="test_api_config_endpoint_returns_json" time="0.293" /><testcase classname="tests.integration.pytest.test_http_api" name="test_api_config_includes_api_token" time="0.393" /><testcase classname="tests.integration.pytest.test_http_api" name="test_api_locations_endpoint_returns_json" time="0.392" /><testcase classname="tests.integration.pytest.test_http_api" name="test_post_trigger_interval_accepted" time="1.305" /><testcase classname="tests.integration.pytest.test_http_api" name="test_post_config_returns_ok_json" time="0.544" /><testcase classname="tests.integration.pytest.test_http_api" name="test_two_back_to_back_posts" time="4.704" /><testcase classname="tests.integration.pytest.test_mqtt_config" name="test_mqtt_config_in_get_api" time="0.393" /><testcase classname="tests.integration.pytest.test_mqtt_config" name="test_mqtt_set_broker_via_http" time="2.115" /><testcase classname="tests.integration.pytest.test_mqtt_config" name="test_mqtt_set_gateway_via_http" time="2.118" /><testcase classname="tests.integration.pytest.test_mqtt_config" name="test_mqtt_set_keepalive_via_http" time="2.118" /><testcase classname="tests.integration.pytest.test_mqtt_config" name="test_mqtt_set_auth_via_http" time="2.115" /><testcase classname="tests.integration.pytest.test_mqtt_config" name="test_mqtt_pub_status_shows_config" time="0.222" /><testcase classname="tests.integration.pytest.test_mqtt_config" name="test_mqtt_pub_enable_disable" time="0.251" /><testcase classname="tests.integration.pytest.test_mqtt_config" name="test_mqtt_pub_set_server" time="1.174" /><testcase classname="tests.integration.pytest.test_mqtt_config" name="test_mqtt_pub_set_gateway" time="1.174" /><testcase classname="tests.integration.pytest.test_mqtt_config" name="test_mqtt_disabled_stops_publishing" time="0.211"><skipped type="pytest.skip" message="MQTT broker not available on localhost:1883">/__w/weather-station/weather-station/tests/integration/pytest/test_mqtt_config.py:197: MQTT broker not available on localhost:1883</skipped></testcase><testcase classname="tests.integration.pytest.test_mqtt_config" name="test_mqtt_enabled_resumes_publishing" time="0.211"><skipped type="pytest.skip" message="MQTT broker not available on localhost:1883">/__w/weather-station/weather-station/tests/integration/pytest/test_mqtt_config.py:221: MQTT broker not available on localhost:1883</skipped></testcase><testcase classname="tests.integration.pytest.test_sensor_flow" name="test_trigger_propagates_to_http" time="0.302" /><testcase classname="tests.integration.pytest.test_sensor_flow" name="test_indoor_temp_value_in_http" time="0.402" /><testcase classname="tests.integration.pytest.test_sensor_flow" name="test_set_value_reflected_in_http" time="0.421" /><testcase classname="tests.integration.pytest.test_sensor_flow" name="test_trigger_publishes_to_mqtt" time="0.210"><skipped type="pytest.skip" message="MQTT broker not available on localhost:1883">/__w/weather-station/weather-station/tests/integration/pytest/test_sensor_flow.py:74: MQTT broker not available on localhost:1883</skipped></testcase><testcase classname="tests.integration.pytest.test_sensor_flow" name="test_mqtt_topic_format" time="0.210"><skipped type="pytest.skip" message="MQTT broker not available on localhost:1883">/__w/weather-station/weather-station/tests/integration/pytest/test_sensor_flow.py:85: MQTT broker not available on localhost:1883</skipped></testcase><testcase classname="tests.integration.pytest.test_sensor_flow" name="test_mqtt_payload_has_required_fields" time="0.211"><skipped type="pytest.skip" message="MQTT broker not available on localhost:1883">/__w/weather-station/weather-station/tests/integration/pytest/test_sensor_flow.py:100: MQTT broker not available on localhost:1883</skipped></testcase><testcase classname="tests.integration.pytest.test_sensor_node_gateway" name="test_sensor_node_reading_appears_in_gateway" time="0.101"><skipped type="pytest.skip" message="SENSOR_NODE_EXE not set — skipping system test">/__w/weather-station/weather-station/tests/integration/pytest/test_sensor_node_gateway.py:19: SENSOR_NODE_EXE not set — skipping system test</skipped></testcase><testcase classname="tests.integration.pytest.test_sensor_node_gateway" name="test_sensor_node_value_reflected_in_gateway" time="0.101"><skipped type="pytest.skip" message="SENSOR_NODE_EXE not set — skipping system test">/__w/weather-station/weather-station/tests/integration/pytest/test_sensor_node_gateway.py:29: SENSOR_NODE_EXE not set — skipping system test</skipped></testcase><testcase classname="tests.integration.pytest.test_sensor_node_gateway" name="test_sensor_node_uid_registered_in_gateway" time="0.101"><skipped type="pytest.skip" message="SENSOR_NODE_EXE not set — skipping system test">/__w/weather-station/weather-station/tests/integration/pytest/test_sensor_node_gateway.py:47: SENSOR_NODE_EXE not set — skipping system test</skipped></testcase><testcase classname="tests.integration.pytest.test_sensor_node_tx" name="test_timer_tx_emits_log_after_trigger" time="0.222"><skipped type="pytest.skip" message="CONFIG_SENSOR_NODE_TX not enabled in this build">/__w/weather-station/weather-station/tests/integration/pytest/test_sensor_node_tx.py:97: CONFIG_SENSOR_NODE_TX not enabled in this build</skipped></testcase><testcase classname="tests.integration.pytest.test_sensor_node_tx" name="test_timer_tx_transmits_accumulated_count" time="0.222"><skipped type="pytest.skip" message="CONFIG_SENSOR_NODE_TX not enabled in this build">/__w/weather-station/weather-station/tests/integration/pytest/test_sensor_node_tx.py:115: CONFIG_SENSOR_NODE_TX not enabled in this build</skipped></testcase><testcase classname="tests.integration.pytest.test_sensor_node_tx" name="test_force_tx_triggers_immediate_transmission" time="0.222"><skipped type="pytest.skip" message="CONFIG_SENSOR_NODE_TX not enabled in this build">/__w/weather-station/weather-station/tests/integration/pytest/test_sensor_node_tx.py:139: CONFIG_SENSOR_NODE_TX not enabled in this build</skipped></testcase><testcase classname="tests.integration.pytest.test_sensor_node_tx" name="test_force_tx_with_empty_buffer" time="0.222"><skipped type="pytest.skip" message="CONFIG_SENSOR_NODE_TX not enabled in this build">/__w/weather-station/weather-station/tests/integration/pytest/test_sensor_node_tx.py:160: CONFIG_SENSOR_NODE_TX not enabled in this build</skipped></testcase><testcase classname="tests.integration.pytest.test_sensor_node_tx" name="test_buffer_full_drops_events" time="0.222"><skipped type="pytest.skip" message="CONFIG_SENSOR_NODE_TX not enabled in this build">/__w/weather-station/weather-station/tests/integration/pytest/test_sensor_node_tx.py:177: CONFIG_SENSOR_NODE_TX not enabled in this build</skipped></testcase><testcase classname="tests.integration.pytest.test_sensor_node_tx" name="test_buffer_full_does_not_crash" time="0.223"><skipped type="pytest.skip" message="CONFIG_SENSOR_NODE_TX not enabled in this build">/__w/weather-station/weather-station/tests/integration/pytest/test_sensor_node_tx.py:202: CONFIG_SENSOR_NODE_TX not enabled in this build</skipped></testcase><testcase classname="tests.integration.pytest.test_sensor_node_tx" name="test_disable_stops_accumulation" time="0.222"><skipped type="pytest.skip" message="CONFIG_SENSOR_NODE_TX not enabled in this build">/__w/weather-station/weather-station/tests/integration/pytest/test_sensor_node_tx.py:222: CONFIG_SENSOR_NODE_TX not enabled in this build</skipped></testcase><testcase classname="tests.integration.pytest.test_sensor_node_tx" name="test_enable_resumes_accumulation" time="0.222"><skipped type="pytest.skip" message="CONFIG_SENSOR_NODE_TX not enabled in this build">/__w/weather-station/weather-station/tests/integration/pytest/test_sensor_node_tx.py:244: CONFIG_SENSOR_NODE_TX not enabled in this build</skipped></testcase><testcase classname="tests.integration.pytest.test_sensor_node_tx" name="test_status_reports_state" time="0.223"><skipped type="pytest.skip" message="CONFIG_SENSOR_NODE_TX not enabled in this build">/__w/weather-station/weather-station/tests/integration/pytest/test_sensor_node_tx.py:264: CONFIG_SENSOR_NODE_TX not enabled in this build</skipped></testcase><testcase classname="tests.integration.pytest.test_sensor_node_tx" name="test_sensor_node_tx_lib_initialized" time="0.223"><skipped type="pytest.skip" message="CONFIG_SENSOR_NODE_TX not enabled in this build">/__w/weather-station/weather-station/tests/integration/pytest/test_sensor_node_tx.py:278: CONFIG_SENSOR_NODE_TX not enabled in this build</skipped></testcase><testcase classname="tests.integration.pytest.test_shell" name="test_help_lists_fake_sensors" time="0.226" /><testcase classname="tests.integration.pytest.test_shell" name="test_device_is_alive" time="0.222" /><testcase classname="tests.integration.pytest.test_shell" name="test_zephyr_version_reported" time="0.222" /><testcase classname="tests.integration.pytest.test_shell" name="test_sensor_list_has_all_sensors" time="0.223" /><testcase classname="tests.integration.pytest.test_shell" name="test_sensor_kinds_are_correct" time="0.223" /><testcase classname="tests.integration.pytest.test_shell" name="test_sensor_initial_values" time="0.223" /><testcase classname="tests.integration.pytest.test_shell" name="test_manual_trigger_fires" time="0.225" /><testcase classname="tests.integration.pytest.test_shell" name="test_set_temperature_via_shell" time="0.242" /></testsuite></testsuites>